{"/Users/mh/src/github.com/mhatanorks/vue_project/vue_my_media/src/components/Enter.vue": {"path":"/Users/mh/src/github.com/mhatanorks/vue_project/vue_my_media/src/components/Enter.vue","statementMap":{"0":{"start":{"line":5,"column":0},"end":{"line":33,"column":1}},"1":{"start":{"line":9,"column":4},"end":{"line":11,"column":7}},"2":{"start":{"line":10,"column":6},"end":{"line":10,"column":21}},"3":{"start":{"line":13,"column":2},"end":{"line":32,"column":5}},"4":{"start":{"line":15,"column":6},"end":{"line":19,"column":7}},"5":{"start":{"line":16,"column":8},"end":{"line":16,"column":36}},"6":{"start":{"line":18,"column":8},"end":{"line":18,"column":18}},"7":{"start":{"line":22,"column":6},"end":{"line":26,"column":7}},"8":{"start":{"line":23,"column":8},"end":{"line":23,"column":40}},"9":{"start":{"line":25,"column":8},"end":{"line":25,"column":18}},"10":{"start":{"line":29,"column":6},"end":{"line":29,"column":90}},"11":{"start":{"line":31,"column":4},"end":{"line":31,"column":74}},"12":{"start":{"line":36,"column":0},"end":{"line":125,"column":1}},"13":{"start":{"line":39,"column":10},"end":{"line":47,"column":5}},"14":{"start":{"line":42,"column":8},"end":{"line":42,"column":33}},"15":{"start":{"line":42,"column":22},"end":{"line":42,"column":33}},"16":{"start":{"line":43,"column":8},"end":{"line":43,"column":20}},"17":{"start":{"line":52,"column":2},"end":{"line":58,"column":8}},"18":{"start":{"line":57,"column":4},"end":{"line":57,"column":16}},"19":{"start":{"line":60,"column":4},"end":{"line":62,"column":6}},"20":{"start":{"line":61,"column":6},"end":{"line":61,"column":26}},"21":{"start":{"line":65,"column":4},"end":{"line":65,"column":66}},"22":{"start":{"line":65,"column":11},"end":{"line":65,"column":66}},"23":{"start":{"line":66,"column":4},"end":{"line":118,"column":5}},"24":{"start":{"line":66,"column":46},"end":{"line":118,"column":5}},"25":{"start":{"line":67,"column":6},"end":{"line":67,"column":163}},"26":{"start":{"line":67,"column":154},"end":{"line":67,"column":163}},"27":{"start":{"line":68,"column":6},"end":{"line":68,"column":46}},"28":{"start":{"line":68,"column":20},"end":{"line":68,"column":46}},"29":{"start":{"line":69,"column":6},"end":{"line":111,"column":7}},"30":{"start":{"line":72,"column":10},"end":{"line":72,"column":17}},"31":{"start":{"line":73,"column":10},"end":{"line":73,"column":16}},"32":{"start":{"line":75,"column":10},"end":{"line":75,"column":20}},"33":{"start":{"line":76,"column":10},"end":{"line":79,"column":12}},"34":{"start":{"line":81,"column":10},"end":{"line":81,"column":20}},"35":{"start":{"line":82,"column":10},"end":{"line":82,"column":20}},"36":{"start":{"line":83,"column":10},"end":{"line":83,"column":19}},"37":{"start":{"line":84,"column":10},"end":{"line":84,"column":19}},"38":{"start":{"line":86,"column":10},"end":{"line":86,"column":27}},"39":{"start":{"line":87,"column":10},"end":{"line":87,"column":23}},"40":{"start":{"line":88,"column":10},"end":{"line":88,"column":19}},"41":{"start":{"line":90,"column":10},"end":{"line":93,"column":11}},"42":{"start":{"line":91,"column":12},"end":{"line":91,"column":18}},"43":{"start":{"line":92,"column":12},"end":{"line":92,"column":21}},"44":{"start":{"line":94,"column":10},"end":{"line":97,"column":11}},"45":{"start":{"line":95,"column":12},"end":{"line":95,"column":28}},"46":{"start":{"line":96,"column":12},"end":{"line":96,"column":18}},"47":{"start":{"line":98,"column":10},"end":{"line":102,"column":11}},"48":{"start":{"line":99,"column":12},"end":{"line":99,"column":27}},"49":{"start":{"line":100,"column":12},"end":{"line":100,"column":19}},"50":{"start":{"line":101,"column":12},"end":{"line":101,"column":18}},"51":{"start":{"line":103,"column":10},"end":{"line":107,"column":11}},"52":{"start":{"line":104,"column":12},"end":{"line":104,"column":27}},"53":{"start":{"line":105,"column":12},"end":{"line":105,"column":27}},"54":{"start":{"line":106,"column":12},"end":{"line":106,"column":18}},"55":{"start":{"line":108,"column":10},"end":{"line":108,"column":32}},"56":{"start":{"line":108,"column":20},"end":{"line":108,"column":32}},"57":{"start":{"line":109,"column":10},"end":{"line":109,"column":23}},"58":{"start":{"line":110,"column":10},"end":{"line":110,"column":19}},"59":{"start":{"line":112,"column":6},"end":{"line":112,"column":33}},"60":{"start":{"line":114,"column":6},"end":{"line":114,"column":18}},"61":{"start":{"line":115,"column":6},"end":{"line":115,"column":12}},"62":{"start":{"line":117,"column":6},"end":{"line":117,"column":16}},"63":{"start":{"line":119,"column":4},"end":{"line":119,"column":31}},"64":{"start":{"line":119,"column":19},"end":{"line":119,"column":31}},"65":{"start":{"line":120,"column":4},"end":{"line":123,"column":6}},"66":{"start":{"line":128,"column":0},"end":{"line":134,"column":1}},"67":{"start":{"line":131,"column":2},"end":{"line":133,"column":4}},"68":{"start":{"line":135,"column":0},"end":{"line":137,"column":3}},"69":{"start":{"line":138,"column":12},"end":{"line":138,"column":26}},"70":{"start":{"line":139,"column":14},"end":{"line":139,"column":47}},"71":{"start":{"line":140,"column":12},"end":{"line":140,"column":26}},"72":{"start":{"line":141,"column":17},"end":{"line":141,"column":45}},"73":{"start":{"line":143,"column":0},"end":{"line":205,"column":3}},"74":{"start":{"line":149,"column":16},"end":{"line":149,"column":20}},"75":{"start":{"line":150,"column":17},"end":{"line":150,"column":26}},"76":{"start":{"line":151,"column":4},"end":{"line":151,"column":13}},"77":{"start":{"line":152,"column":16},"end":{"line":152,"column":23}},"78":{"start":{"line":153,"column":20},"end":{"line":153,"column":46}},"79":{"start":{"line":154,"column":19},"end":{"line":154,"column":37}},"80":{"start":{"line":155,"column":16},"end":{"line":155,"column":34}},"81":{"start":{"line":156,"column":19},"end":{"line":156,"column":37}},"82":{"start":{"line":157,"column":20},"end":{"line":157,"column":41}},"83":{"start":{"line":158,"column":20},"end":{"line":188,"column":5}},"84":{"start":{"line":159,"column":6},"end":{"line":187,"column":9}},"85":{"start":{"line":161,"column":8},"end":{"line":186,"column":11}},"86":{"start":{"line":162,"column":10},"end":{"line":185,"column":11}},"87":{"start":{"line":164,"column":14},"end":{"line":164,"column":33}},"88":{"start":{"line":165,"column":14},"end":{"line":169,"column":15}},"89":{"start":{"line":166,"column":16},"end":{"line":166,"column":34}},"90":{"start":{"line":167,"column":16},"end":{"line":167,"column":39}},"91":{"start":{"line":168,"column":16},"end":{"line":168,"column":38}},"92":{"start":{"line":171,"column":14},"end":{"line":177,"column":16}},"93":{"start":{"line":179,"column":14},"end":{"line":179,"column":97}},"94":{"start":{"line":182,"column":14},"end":{"line":182,"column":24}},"95":{"start":{"line":183,"column":14},"end":{"line":183,"column":32}},"96":{"start":{"line":184,"column":14},"end":{"line":184,"column":36}},"97":{"start":{"line":190,"column":23},"end":{"line":198,"column":5}},"98":{"start":{"line":199,"column":4},"end":{"line":202,"column":7}},"99":{"start":{"line":203,"column":4},"end":{"line":203,"column":24}},"100":{"start":{"line":207,"column":0},"end":{"line":207,"column":62}},"101":{"start":{"line":208,"column":0},"end":{"line":208,"column":24}},"102":{"start":{"line":209,"column":12},"end":{"line":209,"column":26}},"103":{"start":{"line":210,"column":17},"end":{"line":213,"column":1}},"104":{"start":{"line":214,"column":17},"end":{"line":214,"column":45}},"105":{"start":{"line":215,"column":31},"end":{"line":215,"column":104}},"106":{"start":{"line":216,"column":17},"end":{"line":216,"column":31}},"107":{"start":{"line":217,"column":17},"end":{"line":217,"column":28}},"108":{"start":{"line":218,"column":17},"end":{"line":218,"column":28}},"109":{"start":{"line":219,"column":17},"end":{"line":219,"column":28}},"110":{"start":{"line":220,"column":17},"end":{"line":223,"column":1}},"111":{"start":{"line":225,"column":4},"end":{"line":285,"column":8}},"112":{"start":{"line":226,"column":50},"end":{"line":283,"column":10}},"113":{"start":{"line":237,"column":109},"end":{"line":237,"column":145}},"114":{"start":{"line":248,"column":109},"end":{"line":248,"column":142}},"115":{"start":{"line":259,"column":109},"end":{"line":259,"column":145}},"116":{"start":{"line":269,"column":91},"end":{"line":269,"column":120}},"117":{"start":{"line":287,"column":0},"end":{"line":287,"column":24}},"118":{"start":{"line":288,"column":1},"end":{"line":288,"column":48}}},"fnMap":{"0":{"name":"(anonymous_0)","decl":{"start":{"line":7,"column":22},"end":{"line":7,"column":23}},"loc":{"start":{"line":7,"column":67},"end":{"line":33,"column":1}},"line":7},"1":{"name":"adopt","decl":{"start":{"line":8,"column":11},"end":{"line":8,"column":16}},"loc":{"start":{"line":8,"column":24},"end":{"line":12,"column":3}},"line":8},"2":{"name":"(anonymous_2)","decl":{"start":{"line":9,"column":46},"end":{"line":9,"column":47}},"loc":{"start":{"line":9,"column":65},"end":{"line":11,"column":5}},"line":9},"3":{"name":"(anonymous_3)","decl":{"start":{"line":13,"column":34},"end":{"line":13,"column":35}},"loc":{"start":{"line":13,"column":61},"end":{"line":32,"column":3}},"line":13},"4":{"name":"fulfilled","decl":{"start":{"line":14,"column":13},"end":{"line":14,"column":22}},"loc":{"start":{"line":14,"column":30},"end":{"line":20,"column":5}},"line":14},"5":{"name":"rejected","decl":{"start":{"line":21,"column":13},"end":{"line":21,"column":21}},"loc":{"start":{"line":21,"column":29},"end":{"line":27,"column":5}},"line":21},"6":{"name":"step","decl":{"start":{"line":28,"column":13},"end":{"line":28,"column":17}},"loc":{"start":{"line":28,"column":26},"end":{"line":30,"column":5}},"line":28},"7":{"name":"(anonymous_7)","decl":{"start":{"line":38,"column":24},"end":{"line":38,"column":25}},"loc":{"start":{"line":38,"column":49},"end":{"line":125,"column":1}},"line":38},"8":{"name":"(anonymous_8)","decl":{"start":{"line":41,"column":12},"end":{"line":41,"column":13}},"loc":{"start":{"line":41,"column":24},"end":{"line":44,"column":7}},"line":41},"9":{"name":"(anonymous_9)","decl":{"start":{"line":56,"column":59},"end":{"line":56,"column":60}},"loc":{"start":{"line":56,"column":71},"end":{"line":58,"column":3}},"line":56},"10":{"name":"verb","decl":{"start":{"line":59,"column":11},"end":{"line":59,"column":15}},"loc":{"start":{"line":59,"column":19},"end":{"line":63,"column":3}},"line":59},"11":{"name":"(anonymous_11)","decl":{"start":{"line":60,"column":11},"end":{"line":60,"column":12}},"loc":{"start":{"line":60,"column":24},"end":{"line":62,"column":5}},"line":60},"12":{"name":"step","decl":{"start":{"line":64,"column":11},"end":{"line":64,"column":15}},"loc":{"start":{"line":64,"column":20},"end":{"line":124,"column":3}},"line":64},"13":{"name":"(anonymous_13)","decl":{"start":{"line":130,"column":28},"end":{"line":130,"column":29}},"loc":{"start":{"line":130,"column":43},"end":{"line":134,"column":1}},"line":130},"14":{"name":"(anonymous_14)","decl":{"start":{"line":148,"column":9},"end":{"line":148,"column":10}},"loc":{"start":{"line":148,"column":32},"end":{"line":204,"column":3}},"line":148},"15":{"name":"(anonymous_15)","decl":{"start":{"line":158,"column":20},"end":{"line":158,"column":21}},"loc":{"start":{"line":158,"column":33},"end":{"line":188,"column":5}},"line":158},"16":{"name":"(anonymous_16)","decl":{"start":{"line":159,"column":46},"end":{"line":159,"column":47}},"loc":{"start":{"line":159,"column":58},"end":{"line":187,"column":7}},"line":159},"17":{"name":"(anonymous_17)","decl":{"start":{"line":161,"column":33},"end":{"line":161,"column":34}},"loc":{"start":{"line":161,"column":47},"end":{"line":186,"column":9}},"line":161},"18":{"name":"render","decl":{"start":{"line":224,"column":9},"end":{"line":224,"column":15}},"loc":{"start":{"line":224,"column":63},"end":{"line":286,"column":1}},"line":224},"19":{"name":"(anonymous_19)","decl":{"start":{"line":226,"column":36},"end":{"line":226,"column":37}},"loc":{"start":{"line":226,"column":48},"end":{"line":283,"column":12}},"line":226},"20":{"name":"(anonymous_20)","decl":{"start":{"line":237,"column":89},"end":{"line":237,"column":90}},"loc":{"start":{"line":237,"column":107},"end":{"line":237,"column":147}},"line":237},"21":{"name":"(anonymous_21)","decl":{"start":{"line":248,"column":89},"end":{"line":248,"column":90}},"loc":{"start":{"line":248,"column":107},"end":{"line":248,"column":144}},"line":248},"22":{"name":"(anonymous_22)","decl":{"start":{"line":259,"column":89},"end":{"line":259,"column":90}},"loc":{"start":{"line":259,"column":107},"end":{"line":259,"column":147}},"line":259},"23":{"name":"(anonymous_23)","decl":{"start":{"line":269,"column":71},"end":{"line":269,"column":72}},"loc":{"start":{"line":269,"column":89},"end":{"line":269,"column":122}},"line":269}},"branchMap":{"0":{"loc":{"start":{"line":5,"column":0},"end":{"line":33,"column":1}},"type":"binary-expr","locations":[{"start":{"line":5,"column":0},"end":{"line":5,"column":6}},{"start":{"line":7,"column":22},"end":{"line":33,"column":1}}],"line":5},"1":{"loc":{"start":{"line":9,"column":11},"end":{"line":11,"column":6}},"type":"cond-expr","locations":[{"start":{"line":9,"column":32},"end":{"line":9,"column":37}},{"start":{"line":9,"column":40},"end":{"line":11,"column":6}}],"line":9},"2":{"loc":{"start":{"line":13,"column":14},"end":{"line":13,"column":32}},"type":"binary-expr","locations":[{"start":{"line":13,"column":14},"end":{"line":13,"column":15}},{"start":{"line":13,"column":20},"end":{"line":13,"column":31}}],"line":13},"3":{"loc":{"start":{"line":29,"column":6},"end":{"line":29,"column":89}},"type":"cond-expr","locations":[{"start":{"line":29,"column":20},"end":{"line":29,"column":41}},{"start":{"line":29,"column":44},"end":{"line":29,"column":89}}],"line":29},"4":{"loc":{"start":{"line":31,"column":47},"end":{"line":31,"column":63}},"type":"binary-expr","locations":[{"start":{"line":31,"column":47},"end":{"line":31,"column":57}},{"start":{"line":31,"column":61},"end":{"line":31,"column":63}}],"line":31},"5":{"loc":{"start":{"line":36,"column":0},"end":{"line":125,"column":1}},"type":"binary-expr","locations":[{"start":{"line":36,"column":0},"end":{"line":36,"column":6}},{"start":{"line":38,"column":24},"end":{"line":125,"column":1}}],"line":36},"6":{"loc":{"start":{"line":42,"column":8},"end":{"line":42,"column":33}},"type":"if","locations":[{"start":{"line":42,"column":8},"end":{"line":42,"column":33}},{"start":{},"end":{}}],"line":42},"7":{"loc":{"start":{"line":56,"column":5},"end":{"line":58,"column":4}},"type":"binary-expr","locations":[{"start":{"line":56,"column":5},"end":{"line":56,"column":33}},{"start":{"line":56,"column":38},"end":{"line":58,"column":3}}],"line":56},"8":{"loc":{"start":{"line":65,"column":4},"end":{"line":65,"column":66}},"type":"if","locations":[{"start":{"line":65,"column":4},"end":{"line":65,"column":66}},{"start":{},"end":{}}],"line":65},"9":{"loc":{"start":{"line":66,"column":11},"end":{"line":66,"column":41}},"type":"binary-expr","locations":[{"start":{"line":66,"column":11},"end":{"line":66,"column":12}},{"start":{"line":66,"column":17},"end":{"line":66,"column":40}}],"line":66},"10":{"loc":{"start":{"line":66,"column":24},"end":{"line":66,"column":40}},"type":"binary-expr","locations":[{"start":{"line":66,"column":24},"end":{"line":66,"column":29}},{"start":{"line":66,"column":34},"end":{"line":66,"column":39}}],"line":66},"11":{"loc":{"start":{"line":67,"column":6},"end":{"line":67,"column":163}},"type":"if","locations":[{"start":{"line":67,"column":6},"end":{"line":67,"column":163}},{"start":{},"end":{}}],"line":67},"12":{"loc":{"start":{"line":67,"column":17},"end":{"line":67,"column":152}},"type":"binary-expr","locations":[{"start":{"line":67,"column":17},"end":{"line":67,"column":18}},{"start":{"line":67,"column":23},"end":{"line":67,"column":119}},{"start":{"line":67,"column":124},"end":{"line":67,"column":152}}],"line":67},"13":{"loc":{"start":{"line":67,"column":27},"end":{"line":67,"column":119}},"type":"cond-expr","locations":[{"start":{"line":67,"column":39},"end":{"line":67,"column":50}},{"start":{"line":67,"column":53},"end":{"line":67,"column":119}}],"line":67},"14":{"loc":{"start":{"line":67,"column":53},"end":{"line":67,"column":119}},"type":"cond-expr","locations":[{"start":{"line":67,"column":61},"end":{"line":67,"column":110}},{"start":{"line":67,"column":113},"end":{"line":67,"column":119}}],"line":67},"15":{"loc":{"start":{"line":67,"column":61},"end":{"line":67,"column":110}},"type":"binary-expr","locations":[{"start":{"line":67,"column":61},"end":{"line":67,"column":71}},{"start":{"line":67,"column":76},"end":{"line":67,"column":109}}],"line":67},"16":{"loc":{"start":{"line":67,"column":76},"end":{"line":67,"column":106}},"type":"binary-expr","locations":[{"start":{"line":67,"column":77},"end":{"line":67,"column":92}},{"start":{"line":67,"column":97},"end":{"line":67,"column":106}}],"line":67},"17":{"loc":{"start":{"line":68,"column":6},"end":{"line":68,"column":46}},"type":"if","locations":[{"start":{"line":68,"column":6},"end":{"line":68,"column":46}},{"start":{},"end":{}}],"line":68},"18":{"loc":{"start":{"line":69,"column":6},"end":{"line":111,"column":7}},"type":"switch","locations":[{"start":{"line":70,"column":8},"end":{"line":70,"column":15}},{"start":{"line":71,"column":8},"end":{"line":73,"column":16}},{"start":{"line":74,"column":8},"end":{"line":79,"column":12}},{"start":{"line":80,"column":8},"end":{"line":84,"column":19}},{"start":{"line":85,"column":8},"end":{"line":88,"column":19}},{"start":{"line":89,"column":8},"end":{"line":110,"column":19}}],"line":69},"19":{"loc":{"start":{"line":90,"column":10},"end":{"line":93,"column":11}},"type":"if","locations":[{"start":{"line":90,"column":10},"end":{"line":93,"column":11}},{"start":{},"end":{}}],"line":90},"20":{"loc":{"start":{"line":90,"column":14},"end":{"line":90,"column":96}},"type":"binary-expr","locations":[{"start":{"line":90,"column":14},"end":{"line":90,"column":64}},{"start":{"line":90,"column":69},"end":{"line":90,"column":80}},{"start":{"line":90,"column":84},"end":{"line":90,"column":95}}],"line":90},"21":{"loc":{"start":{"line":90,"column":32},"end":{"line":90,"column":63}},"type":"binary-expr","locations":[{"start":{"line":90,"column":32},"end":{"line":90,"column":44}},{"start":{"line":90,"column":48},"end":{"line":90,"column":63}}],"line":90},"22":{"loc":{"start":{"line":94,"column":10},"end":{"line":97,"column":11}},"type":"if","locations":[{"start":{"line":94,"column":10},"end":{"line":97,"column":11}},{"start":{},"end":{}}],"line":94},"23":{"loc":{"start":{"line":94,"column":14},"end":{"line":94,"column":65}},"type":"binary-expr","locations":[{"start":{"line":94,"column":14},"end":{"line":94,"column":25}},{"start":{"line":94,"column":30},"end":{"line":94,"column":32}},{"start":{"line":94,"column":36},"end":{"line":94,"column":48}},{"start":{"line":94,"column":52},"end":{"line":94,"column":64}}],"line":94},"24":{"loc":{"start":{"line":98,"column":10},"end":{"line":102,"column":11}},"type":"if","locations":[{"start":{"line":98,"column":10},"end":{"line":102,"column":11}},{"start":{},"end":{}}],"line":98},"25":{"loc":{"start":{"line":98,"column":14},"end":{"line":98,"column":43}},"type":"binary-expr","locations":[{"start":{"line":98,"column":14},"end":{"line":98,"column":25}},{"start":{"line":98,"column":29},"end":{"line":98,"column":43}}],"line":98},"26":{"loc":{"start":{"line":103,"column":10},"end":{"line":107,"column":11}},"type":"if","locations":[{"start":{"line":103,"column":10},"end":{"line":107,"column":11}},{"start":{},"end":{}}],"line":103},"27":{"loc":{"start":{"line":103,"column":14},"end":{"line":103,"column":33}},"type":"binary-expr","locations":[{"start":{"line":103,"column":14},"end":{"line":103,"column":15}},{"start":{"line":103,"column":19},"end":{"line":103,"column":33}}],"line":103},"28":{"loc":{"start":{"line":108,"column":10},"end":{"line":108,"column":32}},"type":"if","locations":[{"start":{"line":108,"column":10},"end":{"line":108,"column":32}},{"start":{},"end":{}}],"line":108},"29":{"loc":{"start":{"line":119,"column":4},"end":{"line":119,"column":31}},"type":"if","locations":[{"start":{"line":119,"column":4},"end":{"line":119,"column":31}},{"start":{},"end":{}}],"line":119},"30":{"loc":{"start":{"line":121,"column":13},"end":{"line":121,"column":35}},"type":"cond-expr","locations":[{"start":{"line":121,"column":21},"end":{"line":121,"column":26}},{"start":{"line":121,"column":29},"end":{"line":121,"column":35}}],"line":121},"31":{"loc":{"start":{"line":128,"column":0},"end":{"line":134,"column":1}},"type":"binary-expr","locations":[{"start":{"line":128,"column":0},"end":{"line":128,"column":6}},{"start":{"line":130,"column":28},"end":{"line":134,"column":1}}],"line":128},"32":{"loc":{"start":{"line":131,"column":9},"end":{"line":133,"column":3}},"type":"cond-expr","locations":[{"start":{"line":131,"column":33},"end":{"line":131,"column":36}},{"start":{"line":131,"column":39},"end":{"line":133,"column":3}}],"line":131},"33":{"loc":{"start":{"line":131,"column":9},"end":{"line":131,"column":30}},"type":"binary-expr","locations":[{"start":{"line":131,"column":9},"end":{"line":131,"column":12}},{"start":{"line":131,"column":16},"end":{"line":131,"column":30}}],"line":131},"34":{"loc":{"start":{"line":162,"column":10},"end":{"line":185,"column":11}},"type":"switch","locations":[{"start":{"line":163,"column":12},"end":{"line":179,"column":97}},{"start":{"line":180,"column":12},"end":{"line":184,"column":36}}],"line":162},"35":{"loc":{"start":{"line":165,"column":14},"end":{"line":169,"column":15}},"type":"if","locations":[{"start":{"line":165,"column":14},"end":{"line":169,"column":15}},{"start":{},"end":{}}],"line":165},"36":{"loc":{"start":{"line":165,"column":18},"end":{"line":165,"column":68}},"type":"binary-expr","locations":[{"start":{"line":165,"column":18},"end":{"line":165,"column":33}},{"start":{"line":165,"column":37},"end":{"line":165,"column":49}},{"start":{"line":165,"column":53},"end":{"line":165,"column":68}}],"line":165},"37":{"loc":{"start":{"line":227,"column":12},"end":{"line":282,"column":61}},"type":"cond-expr","locations":[{"start":{"line":228,"column":19},"end":{"line":281,"column":18}},{"start":{"line":282,"column":18},"end":{"line":282,"column":61}}],"line":227},"38":{"loc":{"start":{"line":237,"column":63},"end":{"line":237,"column":148}},"type":"binary-expr","locations":[{"start":{"line":237,"column":63},"end":{"line":237,"column":72}},{"start":{"line":237,"column":77},"end":{"line":237,"column":147}}],"line":237},"39":{"loc":{"start":{"line":248,"column":63},"end":{"line":248,"column":145}},"type":"binary-expr","locations":[{"start":{"line":248,"column":63},"end":{"line":248,"column":72}},{"start":{"line":248,"column":77},"end":{"line":248,"column":144}}],"line":248},"40":{"loc":{"start":{"line":259,"column":63},"end":{"line":259,"column":148}},"type":"binary-expr","locations":[{"start":{"line":259,"column":63},"end":{"line":259,"column":72}},{"start":{"line":259,"column":77},"end":{"line":259,"column":147}}],"line":259},"41":{"loc":{"start":{"line":269,"column":45},"end":{"line":269,"column":123}},"type":"binary-expr","locations":[{"start":{"line":269,"column":45},"end":{"line":269,"column":54}},{"start":{"line":269,"column":59},"end":{"line":269,"column":122}}],"line":269},"42":{"loc":{"start":{"line":276,"column":28},"end":{"line":278,"column":77}},"type":"cond-expr","locations":[{"start":{"line":277,"column":35},"end":{"line":277,"column":122}},{"start":{"line":278,"column":34},"end":{"line":278,"column":77}}],"line":276}},"s":{"0":2,"1":0,"2":0,"3":0,"4":0,"5":0,"6":0,"7":0,"8":0,"9":0,"10":0,"11":0,"12":2,"13":0,"14":0,"15":0,"16":0,"17":0,"18":0,"19":0,"20":0,"21":0,"22":0,"23":0,"24":0,"25":0,"26":0,"27":0,"28":0,"29":0,"30":0,"31":0,"32":0,"33":0,"34":0,"35":0,"36":0,"37":0,"38":0,"39":0,"40":0,"41":0,"42":0,"43":0,"44":0,"45":0,"46":0,"47":0,"48":0,"49":0,"50":0,"51":0,"52":0,"53":0,"54":0,"55":0,"56":0,"57":0,"58":0,"59":0,"60":0,"61":0,"62":0,"63":0,"64":0,"65":0,"66":2,"67":2,"68":2,"69":2,"70":2,"71":2,"72":2,"73":2,"74":3,"75":3,"76":3,"77":3,"78":3,"79":3,"80":3,"81":3,"82":3,"83":3,"84":0,"85":0,"86":0,"87":0,"88":0,"89":0,"90":0,"91":0,"92":0,"93":0,"94":0,"95":0,"96":0,"97":3,"98":3,"99":3,"100":2,"101":2,"102":2,"103":2,"104":2,"105":2,"106":2,"107":2,"108":2,"109":2,"110":2,"111":3,"112":3,"113":0,"114":0,"115":0,"116":0,"117":2,"118":2},"f":{"0":0,"1":0,"2":0,"3":0,"4":0,"5":0,"6":0,"7":0,"8":0,"9":0,"10":0,"11":0,"12":0,"13":2,"14":3,"15":0,"16":0,"17":0,"18":3,"19":3,"20":0,"21":0,"22":0,"23":0},"b":{"0":[2,2],"1":[0,0],"2":[0,0],"3":[0,0],"4":[0,0],"5":[2,2],"6":[0,0],"7":[0,0],"8":[0,0],"9":[0,0],"10":[0,0],"11":[0,0],"12":[0,0,0],"13":[0,0],"14":[0,0],"15":[0,0],"16":[0,0],"17":[0,0],"18":[0,0,0,0,0,0],"19":[0,0],"20":[0,0,0],"21":[0,0],"22":[0,0],"23":[0,0,0,0],"24":[0,0],"25":[0,0],"26":[0,0],"27":[0,0],"28":[0,0],"29":[0,0],"30":[0,0],"31":[2,2],"32":[0,2],"33":[2,2],"34":[0,0],"35":[0,0],"36":[0,0,0],"37":[0,3],"38":[0,0],"39":[0,0],"40":[0,0],"41":[0,0],"42":[0,0]},"inputSourceMap":{"0":"{","1":"\"","2":"v","3":"e","4":"r","5":"s","6":"i","7":"o","8":"n","9":"\"","10":":","11":"3","12":",","13":"\"","14":"s","15":"o","16":"u","17":"r","18":"c","19":"e","20":"s","21":"\"","22":":","23":"[","24":"\"","25":"/","26":"U","27":"s","28":"e","29":"r","30":"s","31":"/","32":"m","33":"h","34":"/","35":"s","36":"r","37":"c","38":"/","39":"g","40":"i","41":"t","42":"h","43":"u","44":"b","45":".","46":"c","47":"o","48":"m","49":"/","50":"m","51":"h","52":"a","53":"t","54":"a","55":"n","56":"o","57":"r","58":"k","59":"s","60":"/","61":"v","62":"u","63":"e","64":"_","65":"p","66":"r","67":"o","68":"j","69":"e","70":"c","71":"t","72":"/","73":"v","74":"u","75":"e","76":"_","77":"m","78":"y","79":"_","80":"m","81":"e","82":"d","83":"i","84":"a","85":"/","86":"s","87":"r","88":"c","89":"/","90":"c","91":"o","92":"m","93":"p","94":"o","95":"n","96":"e","97":"n","98":"t","99":"s","100":"/","101":"E","102":"n","103":"t","104":"e","105":"r","106":".","107":"v","108":"u","109":"e","110":"\"","111":"]","112":",","113":"\"","114":"n","115":"a","116":"m","117":"e","118":"s","119":"\"","120":":","121":"[","122":"]","123":",","124":"\"","125":"m","126":"a","127":"p","128":"p","129":"i","130":"n","131":"g","132":"s","133":"\"","134":":","135":"\"","136":";","137":";","138":"A","139":"A","140":"M","141":"A","142":",","143":"I","144":"A","145":"A","146":"I","147":",","148":"S","149":"A","150":"A","151":"S","152":";","153":"A","154":"A","155":"A","156":"I","157":";","158":"A","159":"A","160":"A","161":"A","162":";","163":"A","164":"A","165":"A","166":"Q","167":";","168":"A","169":"A","170":"A","171":"A","172":",","173":"S","174":"A","175":"A","176":"K","177":",","178":"S","179":"A","180":"A","181":"S","182":",","183":"I","184":"A","185":"A","186":"K","187":",","188":"U","189":"A","190":"A","191":"U","192":",","193":"O","194":"A","195":"A","196":"O","197":",","198":"E","199":"A","200":"A","201":"E","202":",","203":"U","204":"A","205":"A","206":"U","207":",","208":"E","209":"A","210":"A","211":"E","212":",","213":"C","214":"A","215":"A","216":"C","217":",","218":"E","219":"A","220":"A","221":"E","222":",","223":"S","224":"A","225":"A","226":"S","227":",","228":"E","229":"A","230":"A","231":"E","232":";","233":"E","234":"A","235":"C","236":"r","237":"F","238":",","239":"S","240":"A","241":"A","242":"S","243":",","244":"K","245":"A","246":"A","247":"K","248":",","249":"C","250":"A","251":"A","252":"C","253":",","254":"K","255":"A","256":"A","257":"K","258":",","259":"E","260":"A","261":"A","262":"E","263":";","264":"I","265":"A","266":"A","267":"E","268":",","269":"O","270":"A","271":"A","272":"O","273":",","274":"K","275":"A","276":"A","277":"K","278":",","279":"Y","280":"A","281":"A","282":"Y","283":",","284":"C","285":"A","286":"A","287":"C","288":",","289":"G","290":"A","291":"A","292":"G","293":",","294":"K","295":"A","296":"A","297":"K","298":",","299":"G","300":"A","301":"A","302":"G","303":",","304":"I","305":"A","306":"A","307":"I","308":",","309":"C","310":"A","311":"A","312":"C","313":",","314":"C","315":"A","316":"A","317":"C","318":",","319":"U","320":"A","321":"A","322":"U","323":",","324":"O","325":"A","326":"A","327":"O","328":",","329":"E","330":"A","331":"A","332":"E","333":";","334":"M","335":"A","336":"A","337":"E","338":",","339":"O","340":"A","341":"A","342":"O","343":",","344":"C","345":"A","346":"A","347":"C","348":",","349":"K","350":"A","351":"A","352":"K","353":",","354":"C","355":"A","356":"A","357":"C","358":";","359":"I","360":"A","361":"A","362":"E","363":",","364":"C","365":"A","366":"A","367":"C","368":",","369":"C","370":"A","371":"A","372":"C","373":";","374":"E","375":"A","376":"A","377":"E","378":";","379":"E","380":"A","381":"C","382":"3","383":"G","384":",","385":"O","386":"A","387":"A","388":"O","389":",","390":"K","391":"A","392":"A","393":"K","394":",","395":"C","396":"A","397":"A","398":"C","399":",","400":"K","401":"A","402":"A","403":"K","404":",","405":"C","406":"A","407":"A","408":"C","409":",","410":"G","411":"A","412":"A","413":"G","414":",","415":"O","416":"A","417":"A","418":"O","419":",","420":"C","421":"A","422":"A","423":"C","424":",","425":"E","426":"A","427":"A","428":"E","429":",","430":"U","431":"A","432":"A","433":"U","434":",","435":"O","436":"A","437":"A","438":"O","439":",","440":"E","441":"A","442":"A","443":"E","444":",","445":"M","446":"A","447":"A","448":"M","449":",","450":"E","451":"A","452":"A","453":"E","454":";","455":"I","456":"A","457":"C","458":"v","459":"D","460":",","461":"S","462":"A","463":"A","464":"S","465":",","466":"S","467":"A","468":"A","469":"S","470":",","471":"C","472":"A","473":"A","474":"C","475":",","476":"K","477":"A","478":"A","479":"K","480":",","481":"E","482":"A","483":"A","484":"E","485":";","486":"M","487":"A","488":"A","489":"E","490":",","491":"I","492":"A","493":"A","494":"I","495":";","496":"Q","497":"A","498":"A","499":"E","500":",","501":"I","502":"A","503":"A","504":"I","505":",","506":"C","507":"A","508":"A","509":"C","510":",","511":"S","512":"A","513":"A","514":"S","515":",","516":"C","517":"A","518":"A","519":"C","520":",","521":"I","522":"A","523":"A","524":"I","525":",","526":"C","527":"A","528":"A","529":"C","530":",","531":"K","532":"A","533":"A","534":"K","535":",","536":"C","537":"A","538":"A","539":"C","540":",","541":"C","542":"A","543":"A","544":"C","545":";","546":"M","547":"A","548":"A","549":"E","550":",","551":"C","552":"A","553":"A","554":"C","555":",","556":"C","557":"A","558":"A","559":"C","560":",","561":"O","562":"A","563":"A","564":"O","565":",","566":"C","567":"A","568":"A","569":"C","570":",","571":"E","572":"A","573":"A","574":"E","575":";","576":"Q","577":"A","578":"A","579":"E","580":",","581":"M","582":"A","583":"A","584":"M","585":",","586":"C","587":"A","588":"A","589":"C","590":",","591":"C","592":"A","593":"A","594":"C","595":",","596":"C","597":"A","598":"A","599":"C","600":";","601":"M","602":"A","603":"A","604":"E","605":";","606":"I","607":"A","608":"A","609":"E","610":";","611":"I","612":"A","613":"K","614":"1","615":"F","616":",","617":"S","618":"A","619":"A","620":"S","621":",","622":"Q","623":"A","624":"A","625":"Q","626":",","627":"C","628":"A","629":"A","630":"C","631":",","632":"K","633":"A","634":"A","635":"K","636":",","637":"E","638":"A","639":"A","640":"E","641":";","642":"M","643":"A","644":"A","645":"E","646":",","647":"I","648":"A","649":"A","650":"I","651":";","652":"Q","653":"A","654":"A","655":"E","656":",","657":"I","658":"A","659":"A","660":"I","661":",","662":"C","663":"A","664":"A","665":"C","666":",","667":"S","668":"A","669":"A","670":"S","671":",","672":"C","673":"A","674":"A","675":"C","676":",","677":"O","678":"A","679":"A","680":"O","681":",","682":"C","683":"A","684":"A","685":"C","686":",","687":"C","688":"A","689":"A","690":"C","691":",","692":"K","693":"A","694":"A","695":"K","696":",","697":"C","698":"A","699":"A","700":"C","701":",","702":"C","703":"A","704":"A","705":"C","706":";","707":"M","708":"A","709":"A","710":"E","711":",","712":"C","713":"A","714":"A","715":"C","716":",","717":"C","718":"A","719":"A","720":"C","721":",","722":"O","723":"A","724":"A","725":"O","726":",","727":"C","728":"A","729":"A","730":"C","731":",","732":"E","733":"A","734":"A","735":"E","736":";","737":"Q","738":"A","739":"A","740":"E","741":",","742":"M","743":"A","744":"A","745":"M","746":",","747":"C","748":"A","749":"A","750":"C","751":",","752":"C","753":"A","754":"A","755":"C","756":",","757":"C","758":"A","759":"A","760":"C","761":";","762":"M","763":"A","764":"A","765":"E","766":";","767":"I","768":"A","769":"A","770":"E","771":";","772":"I","773":"A","774":"C","775":"7","776":"F","777":",","778":"S","779":"A","780":"A","781":"S","782":",","783":"I","784":"A","785":"A","786":"I","787":",","788":"C","789":"A","790":"A","791":"C","792":",","793":"M","794":"A","795":"A","796":"M","797":",","798":"E","799":"A","800":"A","801":"E","802":";","803":"M","804":"A","805":"A","806":"E","807":",","808":"M","809":"A","810":"A","811":"M","812":",","813":"C","814":"A","815":"A","816":"C","817":",","818":"I","819":"A","820":"A","821":"I","822":",","823":"G","824":"A","825":"A","826":"G","827":",","828":"O","829":"A","830":"A","831":"O","832":",","833":"C","834":"A","835":"A","836":"C","837":",","838":"M","839":"A","840":"A","841":"M","842":",","843":"C","844":"A","845":"A","846":"C","847":",","848":"K","849":"A","850":"A","851":"K","852":",","853":"C","854":"A","855":"A","856":"C","857":",","858":"G","859":"A","860":"A","861":"G","862":",","863":"K","864":"A","865":"A","866":"K","867":",","868":"C","869":"A","870":"A","871":"C","872":",","873":"M","874":"A","875":"A","876":"M","877":",","878":"C","879":"A","880":"A","881":"C","882":",","883":"K","884":"A","885":"A","886":"K","887":",","888":"C","889":"A","890":"A","891":"C","892":",","893":"C","894":"A","895":"A","896":"C","897":",","898":"I","899":"A","900":"A","901":"I","902":",","903":"C","904":"A","905":"A","906":"C","907":",","908":"S","909":"A","910":"A","911":"S","912":",","913":"E","914":"A","915":"A","916":"E","917":",","918":"Q","919":"A","920":"A","921":"Q","922":",","923":"C","924":"A","925":"A","926":"C","927":";","928":"I","929":"A","930":"A","931":"E","932":";","933":"I","934":"A","935":"C","936":"7","937":"G","938":",","939":"I","940":"A","941":"A","942":"I","943":",","944":"C","945":"A","946":"A","947":"C","948":",","949":"C","950":"A","951":"A","952":"C","953":",","954":"S","955":"A","956":"A","957":"S","958":",","959":"G","960":"A","961":"A","962":"G","963":",","964":"S","965":"A","966":"A","967":"S","968":",","969":"C","970":"A","971":"A","972":"C","973":",","974":"K","975":"A","976":"A","977":"K","978":",","979":"C","980":"A","981":"A","982":"C","983":",","984":"O","985":"A","986":"A","987":"O","988":",","989":"E","990":"A","991":"A","992":"E","993":",","994":"U","995":"A","996":"A","997":"U","998":",","999":"I","1000":"A","1001":"A","1002":"I","1003":",","1004":"E","1005":"A","1006":"A","1007":"E","1008":",","1009":"C","1010":"A","1011":"A","1012":"C","1013":",","1014":"E","1015":"A","1016":"A","1017":"E","1018":",","1019":"I","1020":"A","1021":"A","1022":"I","1023":",","1024":"E","1025":"A","1026":"A","1027":"E","1028":",","1029":"C","1030":"A","1031":"A","1032":"C","1033":";","1034":"E","1035":"A","1036":"C","1037":"z","1038":"E","1039":",","1040":"C","1041":"A","1042":"A","1043":"C","1044":",","1045":"C","1046":"A","1047":"A","1048":"C","1049":";","1050":"A","1051":"A","1052":"C","1053":"N","1054":",","1055":"C","1056":"A","1057":"A","1058":"C","1059":";","1060":"A","1061":"A","1062":"C","1063":"D","1064":",","1065":"I","1066":"A","1067":"A","1068":"I","1069":",","1070":"W","1071":"A","1072":"A","1073":"W","1074":";","1075":"A","1076":"A","1077":"A","1078":"I","1079":";","1080":"A","1081":"A","1082":"A","1083":"A","1084":";","1085":"A","1086":"A","1087":"A","1088":"Q","1089":";","1090":"A","1091":"A","1092":"A","1093":"A","1094":",","1095":"S","1096":"A","1097":"A","1098":"K","1099":",","1100":"W","1101":"A","1102":"A","1103":"W","1104":",","1105":"I","1106":"A","1107":"A","1108":"K","1109":",","1110":"U","1111":"A","1112":"A","1113":"U","1114":",","1115":"O","1116":"A","1117":"A","1118":"O","1119":",","1120":"E","1121":"A","1122":"A","1123":"E","1124":",","1125":"I","1126":"A","1127":"A","1128":"I","1129":",","1130":"E","1131":"A","1132":"A","1133":"E","1134":";","1135":"E","1136":"A","1137":"C","1138":"r","1139":"E","1140":",","1141":"I","1142":"A","1143":"A","1144":"I","1145":",","1146":"C","1147":"A","1148":"A","1149":"C","1150":",","1151":"G","1152":"A","1153":"A","1154":"G","1155":";","1156":"M","1157":"A","1158":"A","1159":"E","1160":",","1161":"K","1162":"A","1163":"A","1164":"K","1165":",","1166":"E","1167":"A","1168":"A","1169":"E","1170":",","1171":"C","1172":"A","1173":"A","1174":"C","1175":";","1176":"M","1177":"A","1178":"A","1179":"E","1180":",","1181":"I","1182":"A","1183":"A","1184":"I","1185":",","1186":"E","1187":"A","1188":"A","1189":"E","1190":",","1191":"Y","1192":"A","1193":"A","1194":"W","1195":";","1196":"Q","1197":"A","1198":"A","1199":"E","1200":",","1201":"I","1202":"A","1203":"A","1204":"I","1205":",","1206":"C","1207":"A","1208":"A","1209":"C","1210":",","1211":"C","1212":"A","1213":"A","1214":"C","1215":",","1216":"C","1217":"A","1218":"A","1219":"C","1220":",","1221":"C","1222":"A","1223":"A","1224":"C","1225":",","1226":"G","1227":"A","1228":"A","1229":"G","1230":",","1231":"C","1232":"A","1233":"A","1234":"C","1235":",","1236":"E","1237":"A","1238":"A","1239":"E","1240":",","1241":"M","1242":"A","1243":"A","1244":"M","1245":",","1246":"C","1247":"A","1248":"A","1249":"C","1250":",","1251":"C","1252":"A","1253":"A","1254":"C","1255":",","1256":"C","1257":"A","1258":"A","1259":"C","1260":",","1261":"C","1262":"A","1263":"A","1264":"C","1265":";","1266":"Q","1267":"A","1268":"A","1269":"E","1270":",","1271":"O","1272":"A","1273":"A","1274":"O","1275":",","1276":"C","1277":"A","1278":"A","1279":"C","1280":",","1281":"C","1282":"A","1283":"A","1284":"C","1285":",","1286":"C","1287":"A","1288":"A","1289":"C","1290":",","1291":"C","1292":"A","1293":"A","1294":"C","1295":";","1296":"M","1297":"A","1298":"A","1299":"E","1300":",","1301":"C","1302":"A","1303":"A","1304":"C","1305":";","1306":"M","1307":"A","1308":"A","1309":"E","1310":",","1311":"I","1312":"A","1313":"A","1314":"I","1315":",","1316":"E","1317":"A","1318":"A","1319":"E","1320":",","1321":"E","1322":"A","1323":"A","1324":"E","1325":";","1326":"M","1327":"A","1328":"A","1329":"E","1330":",","1331":"G","1332":"A","1333":"A","1334":"G","1335":",","1336":"E","1337":"A","1338":"A","1339":"E","1340":";","1341":"I","1342":"A","1343":"A","1344":"G","1345":",","1346":"C","1347":"A","1348":"A","1349":"C","1350":";","1351":"I","1352":"A","1353":"A","1354":"E","1355":",","1356":"C","1357":"A","1358":"A","1359":"C","1360":";","1361":"I","1362":"A","1363":"A","1364":"E","1365":",","1366":"C","1367":"A","1368":"A","1369":"C","1370":";","1371":"I","1372":"A","1373":"A","1374":"E","1375":",","1376":"C","1377":"A","1378":"A","1379":"C","1380":";","1381":"I","1382":"A","1383":"A","1384":"E","1385":",","1386":"C","1387":"A","1388":"A","1389":"C","1390":";","1391":"E","1392":"A","1393":"C","1394":"h","1395":"H","1396":",","1397":"O","1398":"A","1399":"A","1400":"O","1401":",","1402":"C","1403":"A","1404":"A","1405":"C","1406":",","1407":"G","1408":"A","1409":"A","1410":"G","1411":";","1412":"I","1413":"A","1414":"A","1415":"E","1416":",","1417":"I","1418":"A","1419":"A","1420":"I","1421":",","1422":"E","1423":"A","1424":"A","1425":"E","1426":",","1427":"I","1428":"A","1429":"A","1430":"I","1431":",","1432":"C","1433":"A","1434":"A","1435":"C","1436":",","1437":"C","1438":"A","1439":"A","1440":"C","1441":",","1442":"C","1443":"A","1444":"A","1445":"C","1446":";","1447":"I","1448":"A","1449":"A","1450":"E","1451":",","1452":"O","1453":"A","1454":"A","1455":"O","1456":",","1457":"E","1458":"A","1459":"A","1460":"E","1461":",","1462":"I","1463":"A","1464":"A","1465":"I","1466":",","1467":"C","1468":"A","1469":"A","1470":"C","1471":",","1472":"C","1473":"A","1474":"A","1475":"C","1476":",","1477":"C","1478":"A","1479":"A","1480":"C","1481":";","1482":"I","1483":"A","1484":"A","1485":"E","1486":",","1487":"Q","1488":"A","1489":"A","1490":"Q","1491":",","1492":"E","1493":"A","1494":"A","1495":"E","1496":",","1497":"I","1498":"A","1499":"A","1500":"I","1501":",","1502":"C","1503":"A","1504":"A","1505":"C","1506":",","1507":"C","1508":"A","1509":"A","1510":"C","1511":";","1512":"E","1513":"A","1514":"A","1515":"E","1516":",","1517":"C","1518":"A","1519":"A","1520":"C","1521":",","1522":"E","1523":"A","1524":"A","1525":"E","1526":",","1527":"O","1528":"A","1529":"A","1530":"O","1531":",","1532":"M","1533":"A","1534":"A","1535":"M","1536":",","1537":"K","1538":"A","1539":"A","1540":"K","1541":",","1542":"U","1543":"A","1544":"A","1545":"U","1546":",","1547":"K","1548":"A","1549":"A","1550":"K","1551":",","1552":"C","1553":"A","1554":"A","1555":"C","1556":",","1557":"C","1558":"A","1559":"A","1560":"C","1561":",","1562":"M","1563":"A","1564":"A","1565":"M","1566":",","1567":"C","1568":"A","1569":"A","1570":"C","1571":",","1572":"Q","1573":"A","1574":"A","1575":"Q","1576":",","1577":"C","1578":"A","1579":"A","1580":"C","1581":",","1582":"G","1583":"A","1584":"A","1585":"G","1586":",","1587":"Y","1588":"A","1589":"A","1590":"W","1591":";","1592":"I","1593":"A","1594":"A","1595":"E","1596":",","1597":"O","1598":"A","1599":"A","1600":"O","1601":",","1602":"I","1603":"A","1604":"A","1605":"I","1606":";","1607":"E","1608":"A","1609":"A","1610":"E","1611":",","1612":"C","1613":"A","1614":"A","1615":"C","1616":",","1617":"C","1618":"A","1619":"A","1620":"C","1621":",","1622":"E","1623":"A","1624":"A","1625":"E","1626":",","1627":"C","1628":"A","1629":"A","1630":"C","1631":";","1632":";","1633":";","1634":";","1635":";","1636":";","1637":";","1638":";","1639":";","1640":";","1641":";","1642":";","1643":";","1644":";","1645":";","1646":";","1647":";","1648":";","1649":";","1650":";","1651":";","1652":";","1653":";","1654":";","1655":";","1656":";","1657":";","1658":"Q","1659":"A","1660":"h","1661":"B","1662":"5","1663":"I","1664":",","1665":"K","1666":"A","1667":"A","1668":"K","1669":",","1670":"C","1671":"A","1672":"A","1673":"C","1674":";","1675":"U","1676":"A","1677":"A","1678":"E","1679":",","1680":"E","1681":"A","1682":"A","1683":"E","1684":",","1685":"G","1686":"A","1687":"A","1688":"G","1689":",","1690":"C","1691":"A","1692":"A","1693":"C","1694":",","1695":"C","1696":"A","1697":"A","1698":"C","1699":",","1700":"G","1701":"A","1702":"A","1703":"G","1704":",","1705":"C","1706":"A","1707":"A","1708":"C","1709":",","1710":"G","1711":"A","1712":"A","1713":"G","1714":",","1715":"E","1716":"A","1717":"A","1718":"E","1719":";","1720":"U","1721":"A","1722":"A","1723":"E","1724":",","1725":"C","1726":"A","1727":"A","1728":"C","1729":",","1730":"C","1731":"A","1732":"A","1733":"C","1734":",","1735":"I","1736":"A","1737":"A","1738":"I","1739":",","1740":"C","1741":"A","1742":"A","1743":"C","1744":",","1745":"G","1746":"A","1747":"A","1748":"G","1749":",","1750":"E","1751":"A","1752":"A","1753":"E","1754":";","1755":"U","1756":"A","1757":"A","1758":"E","1759":";","1760":"Q","1761":"A","1762":"O","1763":"x","1764":"C","1765":";","1766":"U","1767":"A","1768":"C","1769":"I","1770":",","1771":"I","1772":"A","1773":"A","1774":"I","1775":",","1776":"E","1777":"A","1778":"A","1779":"E","1780":",","1781":"C","1782":"A","1783":"A","1784":"C","1785":",","1786":"G","1787":"A","1788":"A","1789":"G","1790":",","1791":"C","1792":"A","1793":"A","1794":"C","1795":",","1796":"C","1797":"A","1798":"A","1799":"C","1800":",","1801":"I","1802":"A","1803":"A","1804":"I","1805":",","1806":"E","1807":"A","1808":"A","1809":"E","1810":",","1811":"C","1812":"A","1813":"A","1814":"C","1815":",","1816":"G","1817":"A","1818":"A","1819":"G","1820":",","1821":"C","1822":"A","1823":"A","1824":"C","1825":",","1826":"C","1827":"A","1828":"A","1829":"C","1830":",","1831":"M","1832":"A","1833":"A","1834":"M","1835":",","1836":"G","1837":"A","1838":"A","1839":"G","1840":",","1841":"C","1842":"A","1843":"A","1844":"C","1845":",","1846":"I","1847":"A","1848":"A","1849":"I","1850":",","1851":"C","1852":"A","1853":"A","1854":"C","1855":",","1856":"C","1857":"A","1858":"A","1859":"C","1860":",","1861":"C","1862":"A","1863":"A","1864":"C","1865":",","1866":"C","1867":"A","1868":"A","1869":"C","1870":",","1871":"M","1872":"A","1873":"A","1874":"M","1875":",","1876":"G","1877":"A","1878":"A","1879":"G","1880":",","1881":"C","1882":"A","1883":"A","1884":"C","1885":",","1886":"C","1887":"A","1888":"A","1889":"C","1890":",","1891":"C","1892":"A","1893":"A","1894":"C","1895":",","1896":"K","1897":"A","1898":"A","1899":"K","1900":",","1901":"E","1902":"A","1903":"A","1904":"E","1905":",","1906":"C","1907":"A","1908":"A","1909":"C","1910":",","1911":"C","1912":"A","1913":"A","1914":"C","1915":",","1916":"C","1917":"A","1918":"A","1919":"C","1920":",","1921":"K","1922":"A","1923":"A","1924":"K","1925":",","1926":"C","1927":"A","1928":"A","1929":"C","1930":",","1931":"I","1932":"A","1933":"A","1934":"I","1935":",","1936":"E","1937":"A","1938":"A","1939":"E","1940":",","1941":"C","1942":"A","1943":"A","1944":"C","1945":",","1946":"C","1947":"A","1948":"A","1949":"C","1950":",","1951":"C","1952":"A","1953":"A","1954":"C","1955":",","1956":"K","1957":"A","1958":"A","1959":"K","1960":",","1961":"C","1962":"A","1963":"A","1964":"C","1965":",","1966":"C","1967":"A","1968":"A","1969":"C","1970":",","1971":"E","1972":"A","1973":"A","1974":"E","1975":";","1976":"Y","1977":"A","1978":"A","1979":"E","1980":",","1981":"C","1982":"A","1983":"A","1984":"C","1985":",","1986":"G","1987":"A","1988":"A","1989":"G","1990":",","1991":"C","1992":"A","1993":"A","1994":"C","1995":";","1996":"Y","1997":"A","1998":"A","1999":"E","2000":";","2001":"U","2002":"A","2003":"A","2004":"U","2005":";","2006":"U","2007":"A","2008":"S","2009":"3","2010":"G","2011":",","2012":"I","2013":"A","2014":"A","2015":"I","2016":",","2017":"E","2018":"A","2019":"A","2020":"E","2021":",","2022":"C","2023":"A","2024":"A","2025":"C","2026":",","2027":"C","2028":"A","2029":"A","2030":"C","2031":",","2032":"C","2033":"A","2034":"A","2035":"C","2036":",","2037":"K","2038":"A","2039":"A","2040":"K","2041":",","2042":"C","2043":"A","2044":"A","2045":"C","2046":",","2047":"K","2048":"A","2049":"A","2050":"K","2051":",","2052":"C","2053":"A","2054":"A","2055":"C","2056":",","2057":"C","2058":"A","2059":"A","2060":"C","2061":",","2062":"I","2063":"A","2064":"A","2065":"K","2066":",","2067":"E","2068":"A","2069":"A","2070":"E","2071":",","2072":"C","2073":"A","2074":"A","2075":"C","2076":",","2077":"C","2078":"A","2079":"A","2080":"C","2081":",","2082":"C","2083":"A","2084":"A","2085":"C","2086":",","2087":"G","2088":"A","2089":"A","2090":"G","2091":",","2092":"C","2093":"A","2094":"A","2095":"C","2096":",","2097":"C","2098":"A","2099":"A","2100":"C","2101":",","2102":"C","2103":"A","2104":"A","2105":"C","2106":",","2107":"C","2108":"A","2109":"A","2110":"C","2111":",","2112":"I","2113":"A","2114":"A","2115":"I","2116":",","2117":"E","2118":"A","2119":"A","2120":"E","2121":",","2122":"C","2123":"A","2124":"A","2125":"C","2126":",","2127":"C","2128":"A","2129":"A","2130":"C","2131":",","2132":"C","2133":"A","2134":"A","2135":"C","2136":",","2137":"G","2138":"A","2139":"A","2140":"G","2141":",","2142":"C","2143":"A","2144":"A","2145":"C","2146":",","2147":"C","2148":"A","2149":"A","2150":"C","2151":",","2152":"C","2153":"A","2154":"A","2155":"C","2156":",","2157":"C","2158":"A","2159":"A","2160":"E","2161":",","2162":"C","2163":"A","2164":"A","2165":"C","2166":",","2167":"E","2168":"A","2169":"A","2170":"E","2171":";","2172":"Y","2173":"A","2174":"A","2175":"E","2176":",","2177":"C","2178":"A","2179":"A","2180":"C","2181":",","2182":"C","2183":"A","2184":"A","2185":"C","2186":",","2187":"K","2188":"A","2189":"A","2190":"K","2191":",","2192":"G","2193":"A","2194":"A","2195":"G","2196":",","2197":"E","2198":"A","2199":"A","2200":"E","2201":",","2202":"C","2203":"A","2204":"A","2205":"C","2206":",","2207":"C","2208":"A","2209":"A","2210":"C","2211":",","2212":"C","2213":"A","2214":"A","2215":"C","2216":";","2217":"Y","2218":"A","2219":"A","2220":"E","2221":";","2222":"U","2223":"A","2224":"A","2225":"O","2226":";","2227":"U","2228":"A","2229":"C","2230":"r","2231":"F","2232":",","2233":"I","2234":"A","2235":"A","2236":"I","2237":",","2238":"E","2239":"A","2240":"A","2241":"E","2242":",","2243":"C","2244":"A","2245":"A","2246":"C","2247":",","2248":"C","2249":"A","2250":"A","2251":"C","2252":",","2253":"C","2254":"A","2255":"A","2256":"C","2257":",","2258":"K","2259":"A","2260":"A","2261":"K","2262":",","2263":"C","2264":"A","2265":"A","2266":"C","2267":",","2268":"I","2269":"A","2270":"A","2271":"I","2272":",","2273":"C","2274":"A","2275":"A","2276":"C","2277":",","2278":"C","2279":"A","2280":"A","2281":"C","2282":",","2283":"K","2284":"A","2285":"A","2286":"K","2287":",","2288":"G","2289":"A","2290":"A","2291":"G","2292":",","2293":"C","2294":"A","2295":"A","2296":"C","2297":",","2298":"C","2299":"A","2300":"A","2301":"C","2302":",","2303":"C","2304":"A","2305":"A","2306":"C","2307":",","2308":"C","2309":"A","2310":"A","2311":"C","2312":",","2313":"E","2314":"A","2315":"A","2316":"E","2317":";","2318":"Y","2319":"A","2320":"A","2321":"E","2322":",","2323":"C","2324":"A","2325":"A","2326":"C","2327":",","2328":"C","2329":"A","2330":"A","2331":"C","2332":",","2333":"K","2334":"A","2335":"A","2336":"K","2337":",","2338":"G","2339":"A","2340":"A","2341":"G","2342":",","2343":"C","2344":"A","2345":"A","2346":"C","2347":",","2348":"C","2349":"A","2350":"A","2351":"C","2352":",","2353":"C","2354":"A","2355":"A","2356":"C","2357":",","2358":"C","2359":"A","2360":"A","2361":"C","2362":";","2363":"Y","2364":"A","2365":"A","2366":"E","2367":",","2368":"C","2369":"A","2370":"A","2371":"C","2372":",","2373":"G","2374":"A","2375":"A","2376":"G","2377":",","2378":"E","2379":"A","2380":"A","2381":"E","2382":";","2383":"Y","2384":"A","2385":"A","2386":"E","2387":";","2388":"U","2389":"A","2390":"A","2391":"O","2392":";","2393":"U","2394":"A","2395":"C","2396":"p","2397":"E","2398":",","2399":"I","2400":"A","2401":"A","2402":"I","2403":",","2404":"C","2405":"A","2406":"A","2407":"C","2408":",","2409":"I","2410":"A","2411":"A","2412":"I","2413":",","2414":"C","2415":"A","2416":"A","2417":"C","2418":",","2419":"C","2420":"A","2421":"A","2422":"C","2423":",","2424":"K","2425":"A","2426":"A","2427":"K","2428":",","2429":"G","2430":"A","2431":"A","2432":"G","2433":",","2434":"C","2435":"A","2436":"A","2437":"C","2438":",","2439":"C","2440":"A","2441":"A","2442":"C","2443":",","2444":"C","2445":"A","2446":"A","2447":"C","2448":",","2449":"C","2450":"A","2451":"A","2452":"C","2453":",","2454":"E","2455":"A","2456":"A","2457":"E","2458":";","2459":"Y","2460":"A","2461":"A","2462":"E","2463":",","2464":"C","2465":"A","2466":"A","2467":"C","2468":",","2469":"C","2470":"A","2471":"A","2472":"C","2473":",","2474":"K","2475":"A","2476":"A","2477":"K","2478":",","2479":"G","2480":"A","2481":"A","2482":"G","2483":",","2484":"C","2485":"A","2486":"A","2487":"C","2488":",","2489":"C","2490":"A","2491":"A","2492":"C","2493":",","2494":"C","2495":"A","2496":"A","2497":"C","2498":",","2499":"C","2500":"A","2501":"A","2502":"C","2503":";","2504":"Y","2505":"A","2506":"A","2507":"E","2508":",","2509":"C","2510":"A","2511":"A","2512":"C","2513":",","2514":"C","2515":"A","2516":"A","2517":"C","2518":",","2519":"G","2520":"A","2521":"A","2522":"G","2523":",","2524":"C","2525":"A","2526":"A","2527":"C","2528":",","2529":"I","2530":"A","2531":"A","2532":"I","2533":",","2534":"C","2535":"A","2536":"A","2537":"C","2538":",","2539":"E","2540":"A","2541":"A","2542":"E","2543":",","2544":"C","2545":"A","2546":"A","2547":"C","2548":";","2549":"Y","2550":"A","2551":"A","2552":"E","2553":";","2554":"U","2555":"A","2556":"A","2557":"O","2558":";","2559":"U","2560":"A","2561":"C","2562":"l","2563":"E","2564":",","2565":"I","2566":"A","2567":"A","2568":"I","2569":",","2570":"C","2571":"A","2572":"A","2573":"C","2574":",","2575":"C","2576":"A","2577":"A","2578":"C","2579":",","2580":"C","2581":"A","2582":"A","2583":"C","2584":",","2585":"C","2586":"A","2587":"A","2588":"C","2589":",","2590":"E","2591":"A","2592":"A","2593":"E","2594":",","2595":"C","2596":"A","2597":"A","2598":"C","2599":",","2600":"C","2601":"A","2602":"A","2603":"C","2604":",","2605":"G","2606":"A","2607":"A","2608":"G","2609":",","2610":"C","2611":"A","2612":"A","2613":"C","2614":",","2615":"G","2616":"A","2617":"A","2618":"G","2619":",","2620":"E","2621":"A","2622":"A","2623":"E","2624":";","2625":"U","2626":"A","2627":"C","2628":"r","2629":"B","2630":",","2631":"C","2632":"A","2633":"A","2634":"C","2635":",","2636":"C","2637":"A","2638":"A","2639":"C","2640":",","2641":"I","2642":"A","2643":"A","2644":"I","2645":",","2646":"C","2647":"A","2648":"A","2649":"C","2650":",","2651":"G","2652":"A","2653":"A","2654":"G","2655":",","2656":"E","2657":"A","2658":"A","2659":"E","2660":";","2661":"U","2662":"A","2663":"A","2664":"E","2665":";","2666":"M","2667":"A","2668":"A","2669":"S","2670":";","2671":"M","2672":"A","2673":"E","2674":"/","2675":"B","2676":",","2677":"E","2678":"A","2679":"A","2680":"E","2681":",","2682":"G","2683":"A","2684":"A","2685":"G","2686":",","2687":"I","2688":"A","2689":"A","2690":"I","2691":",","2692":"C","2693":"A","2694":"A","2695":"C","2696":",","2697":"I","2698":"A","2699":"A","2700":"I","2701":",","2702":"C","2703":"A","2704":"A","2705":"C","2706":",","2707":"O","2708":"A","2709":"A","2710":"O","2711":",","2712":"E","2713":"A","2714":"A","2715":"E","2716":",","2717":"C","2718":"A","2719":"A","2720":"C","2721":",","2722":"C","2723":"A","2724":"A","2725":"C","2726":";","2727":"I","2728":"A","2729":"C","2730":"9","2731":"B","2732":",","2733":"C","2734":"A","2735":"A","2736":"C","2737":",","2738":"C","2739":"A","2740":"A","2741":"C","2742":",","2743":"O","2744":"A","2745":"A","2746":"O","2747":",","2748":"C","2749":"A","2750":"A","2751":"C","2752":",","2753":"E","2754":"A","2755":"A","2756":"E","2757":";","2758":"M","2759":"A","2760":"A","2761":"E","2762":",","2763":"E","2764":"A","2765":"A","2766":"E","2767":",","2768":"G","2769":"A","2770":"A","2771":"G","2772":",","2773":"C","2774":"A","2775":"A","2776":"C","2777":",","2778":"C","2779":"A","2780":"A","2781":"C","2782":",","2783":"E","2784":"A","2785":"A","2786":"E","2787":",","2788":"C","2789":"A","2790":"A","2791":"C","2792":",","2793":"C","2794":"A","2795":"A","2796":"C","2797":";","2798":"M","2799":"A","2800":"A","2801":"E","2802":",","2803":"C","2804":"A","2805":"A","2806":"C","2807":",","2808":"G","2809":"A","2810":"A","2811":"G","2812":",","2813":"C","2814":"A","2815":"A","2816":"C","2817":";","2818":"I","2819":"A","2820":"A","2821":"E","2822":",","2823":"C","2824":"A","2825":"A","2826":"C","2827":",","2828":"S","2829":"A","2830":"A","2831":"S","2832":";","2833":"M","2834":"A","2835":"A","2836":"E","2837":",","2838":"C","2839":"A","2840":"A","2841":"C","2842":",","2843":"G","2844":"A","2845":"A","2846":"G","2847":",","2848":"C","2849":"A","2850":"A","2851":"C","2852":",","2853":"G","2854":"A","2855":"A","2856":"G","2857":",","2858":"C","2859":"A","2860":"A","2861":"C","2862":";","2863":"I","2864":"A","2865":"A","2866":"E","2867":";","2868":"I","2869":"A","2870":"C","2871":"z","2872":"D","2873":",","2874":"I","2875":"A","2876":"A","2877":"I","2878":",","2879":"E","2880":"A","2881":"A","2882":"E","2883":",","2884":"C","2885":"A","2886":"A","2887":"C","2888":",","2889":"C","2890":"A","2891":"A","2892":"C","2893":",","2894":"C","2895":"A","2896":"A","2897":"C","2898":",","2899":"G","2900":"A","2901":"A","2902":"G","2903":",","2904":"C","2905":"A","2906":"A","2907":"C","2908":",","2909":"E","2910":"A","2911":"A","2912":"E","2913":",","2914":"M","2915":"A","2916":"A","2917":"M","2918":",","2919":"E","2920":"A","2921":"A","2922":"E","2923":",","2924":"C","2925":"A","2926":"A","2927":"C","2928":",","2929":"C","2930":"A","2931":"A","2932":"C","2933":",","2934":"C","2935":"A","2936":"A","2937":"C","2938":";","2939":"I","2940":"A","2941":"A","2942":"E","2943":",","2944":"O","2945":"A","2946":"A","2947":"O","2948":";","2949":"M","2950":"A","2951":"A","2952":"E","2953":",","2954":"K","2955":"A","2956":"A","2957":"K","2958":",","2959":"E","2960":"A","2961":"A","2962":"E","2963":",","2964":"E","2965":"A","2966":"A","2967":"E","2968":",","2969":"C","2970":"A","2971":"A","2972":"C","2973":",","2974":"C","2975":"A","2976":"A","2977":"C","2978":",","2979":"C","2980":"A","2981":"A","2982":"C","2983":",","2984":"G","2985":"A","2986":"A","2987":"G","2988":",","2989":"E","2990":"A","2991":"A","2992":"E","2993":",","2994":"C","2995":"A","2996":"A","2997":"C","2998":",","2999":"C","3000":"A","3001":"A","3002":"C","3003":",","3004":"C","3005":"A","3006":"A","3007":"C","3008":",","3009":"G","3010":"A","3011":"A","3012":"G","3013":",","3014":"K","3015":"A","3016":"A","3017":"K","3018":",","3019":"C","3020":"A","3021":"A","3022":"C","3023":";","3024":"M","3025":"A","3026":"A","3027":"E","3028":",","3029":"I","3030":"A","3031":"A","3032":"I","3033":",","3034":"E","3035":"A","3036":"A","3037":"E","3038":";","3039":"I","3040":"A","3041":"A","3042":"K","3043":",","3044":"C","3045":"A","3046":"A","3047":"C","3048":";","3049":"E","3050":"A","3051":"C","3052":"p","3053":"F","3054":";","3055":"A","3056":"A","3057":"C","3058":"J","3059":",","3060":"C","3061":"A","3062":"A","3063":"C","3064":";","3065":"A","3066":"A","3067":"C","3068":"D","3069":",","3070":"I","3071":"A","3072":"A","3073":"I","3074":",","3075":"e","3076":"A","3077":"A","3078":"e","3079":";","3080":"A","3081":"A","3082":"A","3083":"I","3084":";","3085":"A","3086":"A","3087":"A","3088":"A","3089":";","3090":"A","3091":"A","3092":"A","3093":"Q","3094":";","3095":"A","3096":"A","3097":"A","3098":"A","3099":",","3100":"S","3101":"A","3102":"A","3103":"K","3104":",","3105":"e","3106":"A","3107":"A","3108":"e","3109":",","3110":"I","3111":"A","3112":"A","3113":"K","3114":",","3115":"U","3116":"A","3117":"A","3118":"U","3119":",","3120":"G","3121":"A","3122":"A","3123":"G","3124":",","3125":"E","3126":"A","3127":"A","3128":"E","3129":";","3130":"E","3131":"A","3132":"C","3133":"n","3134":"E","3135":",","3136":"O","3137":"A","3138":"A","3139":"Q","3140":",","3141":"G","3142":"A","3143":"A","3144":"G","3145":",","3146":"I","3147":"A","3148":"A","3149":"I","3150":",","3151":"G","3152":"A","3153":"A","3154":"G","3155":",","3156":"C","3157":"A","3158":"A","3159":"C","3160":",","3161":"U","3162":"A","3163":"A","3164":"U","3165":",","3166":"G","3167":"A","3168":"A","3169":"I","3170":",","3171":"G","3172":"A","3173":"A","3174":"G","3175":",","3176":"G","3177":"A","3178":"A","3179":"G","3180":";","3181":"I","3182":"A","3183":"A","3184":"E","3185":",","3186":"S","3187":"A","3188":"A","3189":"S","3190":",","3191":"E","3192":"A","3193":"A","3194":"E","3195":";","3196":"E","3197":"A","3198":"A","3199":"I","3200":",","3201":"C","3202":"A","3203":"A","3204":"C","3205":";","3206":"A","3207":"A","3208":"C","3209":"7","3210":"D","3211":",","3212":"C","3213":"A","3214":"A","3215":"C","3216":";","3217":"A","3218":"A","3219":"C","3220":"D","3221":",","3222":"M","3223":"A","3224":"A","3225":"M","3226":",","3227":"C","3228":"A","3229":"A","3230":"C","3231":",","3232":"c","3233":"A","3234":"A","3235":"c","3236":",","3237":"C","3238":"A","3239":"A","3240":"C","3241":",","3242":"O","3243":"A","3244":"A","3245":"O","3246":",","3247":"E","3248":"A","3249":"A","3250":"E","3251":",","3252":"Y","3253":"A","3254":"A","3255":"Y","3256":",","3257":"E","3258":"A","3259":"A","3260":"E","3261":";","3262":"E","3263":"A","3264":"A","3265":"E","3266":",","3267":"K","3268":"A","3269":"A","3270":"K","3271":",","3272":"E","3273":"A","3274":"A","3275":"E","3276":";","3277":"A","3278":"A","3279":"A","3280":"K","3281":",","3282":"C","3283":"A","3284":"A","3285":"C","3286":",","3287":"C","3288":"A","3289":"A","3290":"C","3291":";","3292":"A","3293":"A","3294":"C","3295":"7","3296":"D","3297":",","3298":"I","3299":"A","3300":"A","3301":"I","3302":",","3303":"K","3304":"A","3305":"A","3306":"K","3307":",","3308":"G","3309":"A","3310":"A","3311":"G","3312":",","3313":"O","3314":"A","3315":"A","3316":"O","3317":",","3318":"C","3319":"A","3320":"A","3321":"C","3322":",","3323":"K","3324":"A","3325":"A","3326":"K","3327":",","3328":"C","3329":"A","3330":"A","3331":"C","3332":";","3333":"A","3334":"A","3335":"C","3336":"1","3337":"B","3338":",","3339":"I","3340":"A","3341":"A","3342":"I","3343":",","3344":"O","3345":"A","3346":"A","3347":"O","3348":",","3349":"G","3350":"A","3351":"A","3352":"G","3353":",","3354":"e","3355":"A","3356":"A","3357":"e","3358":",","3359":"C","3360":"A","3361":"A","3362":"C","3363":",","3364":"O","3365":"A","3366":"A","3367":"O","3368":",","3369":"C","3370":"A","3371":"A","3372":"C","3373":",","3374":"O","3375":"A","3376":"A","3377":"O","3378":",","3379":"C","3380":"A","3381":"A","3382":"C","3383":",","3384":"C","3385":"A","3386":"A","3387":"C","3388":";","3389":"A","3390":"A","3391":"C","3392":"/","3393":"C","3394":",","3395":"I","3396":"A","3397":"A","3398":"I","3399":",","3400":"K","3401":"A","3402":"A","3403":"K","3404":",","3405":"G","3406":"A","3407":"A","3408":"G","3409":",","3410":"O","3411":"A","3412":"A","3413":"O","3414":",","3415":"C","3416":"A","3417":"A","3418":"C","3419":",","3420":"K","3421":"A","3422":"A","3423":"K","3424":",","3425":"C","3426":"A","3427":"A","3428":"C","3429":";","3430":"A","3431":"A","3432":"C","3433":"1","3434":"B","3435":",","3436":"I","3437":"A","3438":"A","3439":"I","3440":",","3441":"U","3442":"A","3443":"A","3444":"U","3445":",","3446":"G","3447":"A","3448":"A","3449":"G","3450":",","3451":"O","3452":"A","3453":"A","3454":"O","3455":",","3456":"C","3457":"A","3458":"A","3459":"C","3460":",","3461":"m","3462":"B","3463":"A","3464":"A","3465":"m","3466":"B","3467":",","3468":"C","3469":"A","3470":"A","3471":"C","3472":";","3473":"A","3474":"A","3475":"C","3476":"7","3477":"C","3478":";","3479":"A","3480":"A","3481":"C","3482":"A","3483":",","3484":"O","3485":"A","3486":"A","3487":"O","3488":",","3489":"C","3490":"A","3491":"A","3492":"C","3493":",","3494":"O","3495":"A","3496":"A","3497":"O","3498":",","3499":"G","3500":"A","3501":"A","3502":"G","3503":",","3504":"C","3505":"A","3506":"A","3507":"C","3508":",","3509":"C","3510":"A","3511":"A","3512":"C","3513":",","3514":"E","3515":"A","3516":"A","3517":"E","3518":",","3519":"K","3520":"A","3521":"A","3522":"K","3523":",","3524":"C","3525":"A","3526":"A","3527":"C","3528":",","3529":"e","3530":"A","3531":"A","3532":"e","3533":",","3534":"E","3535":"A","3536":"A","3537":"E","3538":";","3539":"E","3540":"A","3541":"C","3542":"z","3543":"C","3544":",","3545":"M","3546":"A","3547":"A","3548":"M","3549":",","3550":"E","3551":"A","3552":"A","3553":"E","3554":",","3555":"O","3556":"A","3557":"A","3558":"O","3559":";","3560":"E","3561":"A","3562":"C","3563":"f","3564":",","3565":"K","3566":"A","3567":"A","3568":"K","3569":",","3570":"E","3571":"A","3572":"A","3573":"E","3574":";","3575":"I","3576":"A","3577":"C","3578":"H","3579":",","3580":"I","3581":"A","3582":"A","3583":"I","3584":",","3585":"E","3586":"A","3587":"A","3588":"E","3589":";","3590":"E","3591":"A","3592":"C","3593":"V","3594":",","3595":"C","3596":"A","3597":"A","3598":"C","3599":";","3600":"E","3601":"A","3602":"C","3603":"D","3604":",","3605":"K","3606":"A","3607":"A","3608":"K","3609":",","3610":"E","3611":"A","3612":"A","3613":"E","3614":",","3615":"U","3616":"A","3617":"A","3618":"U","3619":",","3620":"O","3621":"A","3622":"A","3623":"O","3624":",","3625":"E","3626":"A","3627":"A","3628":"E","3629":",","3630":"E","3631":"A","3632":"A","3633":"E","3634":",","3635":"E","3636":"A","3637":"A","3638":"E","3639":"\"","3640":",","3641":"\"","3642":"f","3643":"i","3644":"l","3645":"e","3646":"\"","3647":":","3648":"\"","3649":"/","3650":"U","3651":"s","3652":"e","3653":"r","3654":"s","3655":"/","3656":"m","3657":"h","3658":"/","3659":"s","3660":"r","3661":"c","3662":"/","3663":"g","3664":"i","3665":"t","3666":"h","3667":"u","3668":"b","3669":".","3670":"c","3671":"o","3672":"m","3673":"/","3674":"m","3675":"h","3676":"a","3677":"t","3678":"a","3679":"n","3680":"o","3681":"r","3682":"k","3683":"s","3684":"/","3685":"v","3686":"u","3687":"e","3688":"_","3689":"p","3690":"r","3691":"o","3692":"j","3693":"e","3694":"c","3695":"t","3696":"/","3697":"v","3698":"u","3699":"e","3700":"_","3701":"m","3702":"y","3703":"_","3704":"m","3705":"e","3706":"d","3707":"i","3708":"a","3709":"/","3710":"s","3711":"r","3712":"c","3713":"/","3714":"c","3715":"o","3716":"m","3717":"p","3718":"o","3719":"n","3720":"e","3721":"n","3722":"t","3723":"s","3724":"/","3725":"E","3726":"n","3727":"t","3728":"e","3729":"r","3730":".","3731":"v","3732":"u","3733":"e","3734":"\"","3735":",","3736":"\"","3737":"s","3738":"o","3739":"u","3740":"r","3741":"c","3742":"e","3743":"s","3744":"C","3745":"o","3746":"n","3747":"t","3748":"e","3749":"n","3750":"t","3751":"\"","3752":":","3753":"[","3754":"\"","3755":"<","3756":"!","3757":"-","3758":"-","3759":" ","3760":"\\","3761":"n","3762":"機","3763":"能","3764":"\\","3765":"n","3766":"ユ","3767":"ー","3768":"ザ","3769":"ー","3770":"登","3771":"録","3772":"\\","3773":"n","3774":"i","3775":"n","3776":"p","3777":"u","3778":"t","3779":"デ","3780":"ー","3781":"タ","3782":"を","3783":"D","3784":"B","3785":"に","3786":"送","3787":"信","3788":" ","3789":"\\","3790":"n","3791":"-","3792":"-","3793":">","3794":"\\","3795":"n","3796":"<","3797":"s","3798":"c","3799":"r","3800":"i","3801":"p","3802":"t","3803":" ","3804":"s","3805":"e","3806":"t","3807":"u","3808":"p","3809":" ","3810":"l","3811":"a","3812":"n","3813":"g","3814":"=","3815":"\\","3816":"\"","3817":"t","3818":"s","3819":"\\","3820":"\"","3821":">","3822":"\\","3823":"n","3824":"i","3825":"m","3826":"p","3827":"o","3828":"r","3829":"t","3830":" ","3831":"a","3832":"x","3833":"i","3834":"o","3835":"s","3836":" ","3837":"f","3838":"r","3839":"o","3840":"m","3841":" ","3842":"\\","3843":"\"","3844":"a","3845":"x","3846":"i","3847":"o","3848":"s","3849":"\\","3850":"\"","3851":";","3852":"\\","3853":"n","3854":"i","3855":"m","3856":"p","3857":"o","3858":"r","3859":"t","3860":" ","3861":"{","3862":" ","3863":"r","3864":"e","3865":"f","3866":" ","3867":"}","3868":" ","3869":"f","3870":"r","3871":"o","3872":"m","3873":" ","3874":"\\","3875":"\"","3876":"v","3877":"u","3878":"e","3879":"\\","3880":"\"","3881":";","3882":"\\","3883":"n","3884":"i","3885":"m","3886":"p","3887":"o","3888":"r","3889":"t","3890":" ","3891":"{","3892":" ","3893":"u","3894":"s","3895":"e","3896":"L","3897":"o","3898":"g","3899":"i","3900":"n","3901":" ","3902":"}","3903":" ","3904":"f","3905":"r","3906":"o","3907":"m","3908":" ","3909":"\\","3910":"\"","3911":".","3912":".","3913":"/","3914":"h","3915":"o","3916":"o","3917":"k","3918":"s","3919":"/","3920":"u","3921":"s","3922":"e","3923":"L","3924":"o","3925":"g","3926":"i","3927":"n","3928":"\\","3929":"\"","3930":";","3931":"\\","3932":"n","3933":"\\","3934":"n","3935":"c","3936":"o","3937":"n","3938":"s","3939":"t","3940":" ","3941":"p","3942":"r","3943":"o","3944":"p","3945":"s","3946":" ","3947":"=","3948":" ","3949":"d","3950":"e","3951":"f","3952":"i","3953":"n","3954":"e","3955":"P","3956":"r","3957":"o","3958":"p","3959":"s","3960":"(","3961":"{","3962":"\\","3963":"n","3964":" ","3965":" ","3966":"s","3967":"h","3968":"o","3969":"w","3970":":","3971":" ","3972":"B","3973":"o","3974":"o","3975":"l","3976":"e","3977":"a","3978":"n","3979":",","3980":"\\","3981":"n","3982":"}","3983":")","3984":";","3985":"\\","3986":"n","3987":"\\","3988":"n","3989":"i","3990":"n","3991":"t","3992":"e","3993":"r","3994":"f","3995":"a","3996":"c","3997":"e","3998":" ","3999":"U","4000":"s","4001":"e","4002":"r","4003":" ","4004":"{","4005":"\\","4006":"n","4007":" ","4008":" ","4009":"u","4010":"s","4011":"e","4012":"r","4013":"n","4014":"a","4015":"m","4016":"e","4017":":","4018":" ","4019":"s","4020":"t","4021":"r","4022":"i","4023":"n","4024":"g","4025":";","4026":"\\","4027":"n","4028":" ","4029":" ","4030":"e","4031":"m","4032":"a","4033":"i","4034":"l","4035":":","4036":" ","4037":"s","4038":"t","4039":"r","4040":"i","4041":"n","4042":"g","4043":";","4044":"\\","4045":"n","4046":" ","4047":" ","4048":"p","4049":"a","4050":"s","4051":"s","4052":"w","4053":"o","4054":"r","4055":"d","4056":":","4057":" ","4058":"s","4059":"t","4060":"r","4061":"i","4062":"n","4063":"g","4064":";","4065":"\\","4066":"n","4067":" ","4068":" ","4069":"r","4070":"e","4071":"c","4072":"o","4073":"r","4074":"d","4075":"B","4076":"o","4077":"o","4078":"k","4079":"s","4080":":","4081":" ","4082":"[","4083":"]","4084":";","4085":"\\","4086":"n","4087":" ","4088":" ","4089":"f","4090":"a","4091":"v","4092":"B","4093":"o","4094":"o","4095":"k","4096":"s","4097":":","4098":" ","4099":"[","4100":"]","4101":";","4102":"\\","4103":"n","4104":"}","4105":"\\","4106":"n","4107":"/","4108":"/","4109":" ","4110":"カ","4111":"ス","4112":"タ","4113":"ム","4114":"フ","4115":"ッ","4116":"ク","4117":"\\","4118":"n","4119":"c","4120":"o","4121":"n","4122":"s","4123":"t","4124":" ","4125":"l","4126":"o","4127":"g","4128":"i","4129":"n","4130":"U","4131":"s","4132":"e","4133":"r","4134":" ","4135":"=","4136":" ","4137":"u","4138":"s","4139":"e","4140":"L","4141":"o","4142":"g","4143":"i","4144":"n","4145":"(","4146":")","4147":";","4148":"\\","4149":"n","4150":"\\","4151":"n","4152":"c","4153":"o","4154":"n","4155":"s","4156":"t","4157":" ","4158":"u","4159":"s","4160":"e","4161":"r","4162":"N","4163":"a","4164":"m","4165":"e","4166":" ","4167":"=","4168":" ","4169":"r","4170":"e","4171":"f","4172":"<","4173":"s","4174":"t","4175":"r","4176":"i","4177":"n","4178":"g","4179":">","4180":"(","4181":"\\","4182":"\"","4183":"\\","4184":"\"","4185":")","4186":";","4187":"\\","4188":"n","4189":"c","4190":"o","4191":"n","4192":"s","4193":"t","4194":" ","4195":"e","4196":"m","4197":"a","4198":"i","4199":"l","4200":" ","4201":"=","4202":" ","4203":"r","4204":"e","4205":"f","4206":"<","4207":"s","4208":"t","4209":"r","4210":"i","4211":"n","4212":"g","4213":">","4214":"(","4215":"\\","4216":"\"","4217":"\\","4218":"\"","4219":")","4220":";","4221":"\\","4222":"n","4223":"c","4224":"o","4225":"n","4226":"s","4227":"t","4228":" ","4229":"p","4230":"a","4231":"s","4232":"s","4233":"w","4234":"o","4235":"r","4236":"d","4237":" ","4238":"=","4239":" ","4240":"r","4241":"e","4242":"f","4243":"<","4244":"s","4245":"t","4246":"r","4247":"i","4248":"n","4249":"g","4250":">","4251":"(","4252":"\\","4253":"\"","4254":"\\","4255":"\"","4256":")","4257":";","4258":"\\","4259":"n","4260":"c","4261":"o","4262":"n","4263":"s","4264":"t","4265":" ","4266":"t","4267":"e","4268":"x","4269":"t","4270":"E","4271":"r","4272":"r","4273":"o","4274":"r","4275":" ","4276":"=","4277":" ","4278":"r","4279":"e","4280":"f","4281":"<","4282":"b","4283":"o","4284":"o","4285":"l","4286":"e","4287":"a","4288":"n","4289":">","4290":"(","4291":"f","4292":"a","4293":"l","4294":"s","4295":"e","4296":")","4297":";","4298":"\\","4299":"n","4300":"\\","4301":"n","4302":"c","4303":"o","4304":"n","4305":"s","4306":"t","4307":" ","4308":"e","4309":"n","4310":"t","4311":"r","4312":"y","4313":"U","4314":"s","4315":"e","4316":"r","4317":" ","4318":"=","4319":" ","4320":"a","4321":"s","4322":"y","4323":"n","4324":"c","4325":" ","4326":"(","4327":"e","4328":":","4329":" ","4330":"E","4331":"v","4332":"e","4333":"n","4334":"t","4335":")","4336":" ","4337":"=","4338":">","4339":" ","4340":"{","4341":"\\","4342":"n","4343":" ","4344":" ","4345":"e","4346":".","4347":"p","4348":"r","4349":"e","4350":"v","4351":"e","4352":"n","4353":"t","4354":"D","4355":"e","4356":"f","4357":"a","4358":"u","4359":"l","4360":"t","4361":"(","4362":")","4363":";","4364":"\\","4365":"n","4366":"\\","4367":"n","4368":" ","4369":" ","4370":"i","4371":"f","4372":" ","4373":"(","4374":"!","4375":"u","4376":"s","4377":"e","4378":"r","4379":"N","4380":"a","4381":"m","4382":"e","4383":".","4384":"v","4385":"a","4386":"l","4387":"u","4388":"e","4389":" ","4390":"|","4391":"|","4392":" ","4393":"!","4394":"e","4395":"m","4396":"a","4397":"i","4398":"l","4399":".","4400":"v","4401":"a","4402":"l","4403":"u","4404":"e","4405":" ","4406":"|","4407":"|","4408":" ","4409":"!","4410":"p","4411":"a","4412":"s","4413":"s","4414":"w","4415":"o","4416":"r","4417":"d","4418":".","4419":"v","4420":"a","4421":"l","4422":"u","4423":"e","4424":")","4425":" ","4426":"{","4427":"\\","4428":"n","4429":" ","4430":" ","4431":" ","4432":" ","4433":"c","4434":"o","4435":"n","4436":"s","4437":"o","4438":"l","4439":"e","4440":".","4441":"l","4442":"o","4443":"g","4444":"(","4445":"\\","4446":"\"","4447":"な","4448":"い","4449":"\\","4450":"\"","4451":")","4452":";","4453":"\\","4454":"n","4455":" ","4456":" ","4457":" ","4458":" ","4459":"t","4460":"e","4461":"x","4462":"t","4463":"E","4464":"r","4465":"r","4466":"o","4467":"r","4468":".","4469":"v","4470":"a","4471":"l","4472":"u","4473":"e","4474":" ","4475":"=","4476":" ","4477":"t","4478":"r","4479":"u","4480":"e","4481":";","4482":"\\","4483":"n","4484":" ","4485":" ","4486":" ","4487":" ","4488":"r","4489":"e","4490":"t","4491":"u","4492":"r","4493":"n","4494":";","4495":"\\","4496":"n","4497":" ","4498":" ","4499":"}","4500":"\\","4501":"n","4502":" ","4503":" ","4504":"c","4505":"o","4506":"n","4507":"s","4508":"t","4509":" ","4510":"n","4511":"e","4512":"w","4513":"U","4514":"s","4515":"e","4516":"r","4517":":","4518":" ","4519":"U","4520":"s","4521":"e","4522":"r","4523":" ","4524":"=","4525":" ","4526":"{","4527":"\\","4528":"n","4529":" ","4530":" ","4531":" ","4532":" ","4533":"u","4534":"s","4535":"e","4536":"r","4537":"n","4538":"a","4539":"m","4540":"e","4541":":","4542":" ","4543":"u","4544":"s","4545":"e","4546":"r","4547":"N","4548":"a","4549":"m","4550":"e","4551":".","4552":"v","4553":"a","4554":"l","4555":"u","4556":"e","4557":",","4558":"\\","4559":"n","4560":" ","4561":" ","4562":" ","4563":" ","4564":"e","4565":"m","4566":"a","4567":"i","4568":"l","4569":":","4570":" ","4571":"e","4572":"m","4573":"a","4574":"i","4575":"l","4576":".","4577":"v","4578":"a","4579":"l","4580":"u","4581":"e","4582":",","4583":"\\","4584":"n","4585":" ","4586":" ","4587":" ","4588":" ","4589":"p","4590":"a","4591":"s","4592":"s","4593":"w","4594":"o","4595":"r","4596":"d","4597":":","4598":" ","4599":"p","4600":"a","4601":"s","4602":"s","4603":"w","4604":"o","4605":"r","4606":"d","4607":".","4608":"v","4609":"a","4610":"l","4611":"u","4612":"e","4613":",","4614":"\\","4615":"n","4616":" ","4617":" ","4618":" ","4619":" ","4620":"r","4621":"e","4622":"c","4623":"o","4624":"r","4625":"d","4626":"B","4627":"o","4628":"o","4629":"k","4630":"s","4631":":","4632":" ","4633":"[","4634":"]","4635":",","4636":"\\","4637":"n","4638":" ","4639":" ","4640":" ","4641":" ","4642":"f","4643":"a","4644":"v","4645":"B","4646":"o","4647":"o","4648":"k","4649":"s","4650":":","4651":" ","4652":"[","4653":"]","4654":",","4655":"\\","4656":"n","4657":" ","4658":" ","4659":"}","4660":";","4661":"\\","4662":"n","4663":" ","4664":" ","4665":"/","4666":"/","4667":" ","4668":"d","4669":"b","4670":"送","4671":"信","4672":"\\","4673":"n","4674":" ","4675":" ","4676":"a","4677":"w","4678":"a","4679":"i","4680":"t","4681":" ","4682":"a","4683":"x","4684":"i","4685":"o","4686":"s","4687":".","4688":"p","4689":"o","4690":"s","4691":"t","4692":"(","4693":"\\","4694":"\"","4695":"h","4696":"t","4697":"t","4698":"p","4699":":","4700":"/","4701":"/","4702":"1","4703":"2","4704":"7","4705":".","4706":"0","4707":".","4708":"0","4709":".","4710":"1","4711":":","4712":"8","4713":"0","4714":"0","4715":"0","4716":"/","4717":"u","4718":"s","4719":"e","4720":"r","4721":"s","4722":"\\","4723":"\"","4724":",","4725":" ","4726":"n","4727":"e","4728":"w","4729":"U","4730":"s","4731":"e","4732":"r","4733":")","4734":";","4735":"\\","4736":"n","4737":" ","4738":" ","4739":"l","4740":"o","4741":"c","4742":"a","4743":"t","4744":"i","4745":"o","4746":"n","4747":".","4748":"r","4749":"e","4750":"l","4751":"o","4752":"a","4753":"d","4754":"(","4755":")","4756":";","4757":"\\","4758":"n","4759":"}","4760":";","4761":"\\","4762":"n","4763":"<","4764":"/","4765":"s","4766":"c","4767":"r","4768":"i","4769":"p","4770":"t","4771":">","4772":"\\","4773":"n","4774":"\\","4775":"n","4776":"<","4777":"t","4778":"e","4779":"m","4780":"p","4781":"l","4782":"a","4783":"t","4784":"e","4785":">","4786":"\\","4787":"n","4788":" ","4789":" ","4790":"<","4791":"T","4792":"r","4793":"a","4794":"n","4795":"s","4796":"i","4797":"t","4798":"i","4799":"o","4800":"n","4801":" ","4802":"n","4803":"a","4804":"m","4805":"e","4806":"=","4807":"\\","4808":"\"","4809":"m","4810":"o","4811":"d","4812":"a","4813":"l","4814":"\\","4815":"\"","4816":">","4817":"\\","4818":"n","4819":" ","4820":" ","4821":" ","4822":" ","4823":"<","4824":"!","4825":"-","4826":"-","4827":" ","4828":"t","4829":"r","4830":"a","4831":"n","4832":"s","4833":"i","4834":"t","4835":"i","4836":"o","4837":"n","4838":"s","4839":" ","4840":"c","4841":"s","4842":"s","4843":"用","4844":"n","4845":"a","4846":"m","4847":"e","4848":" ","4849":"-","4850":"-","4851":">","4852":"\\","4853":"n","4854":" ","4855":" ","4856":" ","4857":" ","4858":"<","4859":"s","4860":"e","4861":"c","4862":"t","4863":"i","4864":"o","4865":"n","4866":" ","4867":"v","4868":"-","4869":"i","4870":"f","4871":"=","4872":"\\","4873":"\"","4874":"s","4875":"h","4876":"o","4877":"w","4878":"\\","4879":"\"","4880":" ","4881":"c","4882":"l","4883":"a","4884":"s","4885":"s","4886":"=","4887":"\\","4888":"\"","4889":"m","4890":"o","4891":"d","4892":"a","4893":"l","4894":"-","4895":"m","4896":"a","4897":"s","4898":"k","4899":"\\","4900":"\"","4901":">","4902":"\\","4903":"n","4904":" ","4905":" ","4906":" ","4907":" ","4908":" ","4909":" ","4910":"<","4911":"d","4912":"i","4913":"v","4914":" ","4915":"c","4916":"l","4917":"a","4918":"s","4919":"s","4920":"=","4921":"\\","4922":"\"","4923":"m","4924":"o","4925":"d","4926":"a","4927":"l","4928":"-","4929":"c","4930":"o","4931":"n","4932":"t","4933":"a","4934":"i","4935":"n","4936":"e","4937":"r","4938":"\\","4939":"\"","4940":">","4941":"\\","4942":"n","4943":" ","4944":" ","4945":" ","4946":" ","4947":" ","4948":" ","4949":" ","4950":" ","4951":"<","4952":"h","4953":"3","4954":">","4955":"E","4956":"n","4957":"t","4958":"r","4959":"y","4960":" ","4961":"F","4962":"o","4963":"r","4964":"m","4965":"<","4966":"/","4967":"h","4968":"3","4969":">","4970":"\\","4971":"n","4972":" ","4973":" ","4974":" ","4975":" ","4976":" ","4977":" ","4978":" ","4979":" ","4980":"<","4981":"f","4982":"o","4983":"r","4984":"m","4985":" ","4986":"a","4987":"c","4988":"t","4989":"i","4990":"o","4991":"n","4992":"=","4993":"\\","4994":"\"","4995":"\\","4996":"\"","4997":">","4998":"\\","4999":"n","5000":" ","5001":" ","5002":" ","5003":" ","5004":" ","5005":" ","5006":" ","5007":" ","5008":" ","5009":" ","5010":"<","5011":"d","5012":"i","5013":"v","5014":">","5015":"\\","5016":"n","5017":" ","5018":" ","5019":" ","5020":" ","5021":" ","5022":" ","5023":" ","5024":" ","5025":" ","5026":" ","5027":" ","5028":" ","5029":"<","5030":"l","5031":"a","5032":"b","5033":"e","5034":"l","5035":" ","5036":"f","5037":"o","5038":"r","5039":"=","5040":"\\","5041":"\"","5042":"\\","5043":"\"","5044":">","5045":"登","5046":"録","5047":"名","5048":"<","5049":"i","5050":"n","5051":"p","5052":"u","5053":"t","5054":" ","5055":"t","5056":"y","5057":"p","5058":"e","5059":"=","5060":"\\","5061":"\"","5062":"t","5063":"e","5064":"x","5065":"t","5066":"\\","5067":"\"","5068":" ","5069":"v","5070"
[...]
":"A","312":"O","313":",","314":"E","315":"A","316":"A","317":"E","318":",","319":"Y","320":"A","321":"A","322":"Y","323":",","324":"E","325":"A","326":"A","327":"E","328":";","329":"E","330":"A","331":"A","332":"E","333":",","334":"K","335":"A","336":"A","337":"K","338":",","339":"E","340":"A","341":"A","342":"E","343":";","344":"A","345":"A","346":"A","347":"K","348":",","349":"C","350":"A","351":"A","352":"C","353":",","354":"C","355":"A","356":"A","357":"C","358":";","359":"A","360":"A","361":"C","362":"7","363":"D","364":",","365":"I","366":"A","367":"A","368":"I","369":",","370":"K","371":"A","372":"A","373":"K","374":",","375":"G","376":"A","377":"A","378":"G","379":",","380":"O","381":"A","382":"A","383":"O","384":",","385":"C","386":"A","387":"A","388":"C","389":",","390":"K","391":"A","392":"A","393":"K","394":",","395":"C","396":"A","397":"A","398":"C","399":";","400":"A","401":"A","402":"C","403":"1","404":"B","405":",","406":"I","407":"A","408":"A","409":"I","410":",","411":"W","412":"A","413":"A","414":"W","415":",","416":"G","417":"A","418":"A","419":"G","420":",","421":"e","422":"A","423":"A","424":"e","425":",","426":"C","427":"A","428":"A","429":"C","430":",","431":"O","432":"A","433":"A","434":"O","435":",","436":"C","437":"A","438":"A","439":"C","440":",","441":"y","442":"B","443":"A","444":"A","445":"y","446":"B","447":",","448":"C","449":"A","450":"A","451":"C","452":",","453":"C","454":"A","455":"A","456":"C","457":";","458":";","459":";","460":";","461":";","462":";","463":"E","464":"A","465":"N","466":"j","467":"E","468":",","469":"M","470":"A","471":"A","472":"M","473":",","474":"E","475":"A","476":"A","477":"E","478":",","479":"M","480":"A","481":"A","482":"M","483":";","484":"E","485":"A","486":"O","487":"d","488":",","489":"K","490":"A","491":"A","492":"K","493":",","494":"E","495":"A","496":"A","497":"E","498":",","499":"U","500":"A","501":"A","502":"U","503":",","504":"O","505":"A","506":"A","507":"O","508":",","509":"E","510":"A","511":"A","512":"E","513":",","514":"E","515":"A","516":"A","517":"E","518":",","519":"E","520":"A","521":"A","522":"E","523":";","524":"I","525":"A","526":"C","527":"1","528":"B","529":",","530":"I","531":"A","532":"A","533":"I","534":",","535":"M","536":"A","537":"A","538":"M","539":",","540":"G","541":"A","542":"A","543":"G","544":",","545":"E","546":"A","547":"A","548":"E","549":",","550":"C","551":"A","552":"A","553":"C","554":",","555":"M","556":"A","557":"A","558":"M","559":";","560":"I","561":"A","562":"C","563":"t","564":"B","565":",","566":"M","567":"A","568":"A","569":"M","570":",","571":"E","572":"A","573":"A","574":"E","575":";","576":"I","577":"A","578":"C","579":"R","580":",","581":"I","582":"A","583":"A","584":"I","585":",","586":"S","587":"A","588":"A","589":"S","590":",","591":"G","592":"A","593":"A","594":"G","595":",","596":"C","597":"A","598":"A","599":"C","600":",","601":"C","602":"A","603":"A","604":"C","605":",","606":"E","607":"A","608":"A","609":"E","610":",","611":"U","612":"A","613":"A","614":"U","615":",","616":"C","617":"A","618":"A","619":"C","620":",","621":"Q","622":"A","623":"A","624":"Q","625":",","626":"G","627":"A","628":"A","629":"G","630":";","631":"I","632":"A","633":"C","634":"1","635":"C","636":",","637":"I","638":"A","639":"A","640":"I","641":",","642":"K","643":"A","644":"A","645":"K","646":",","647":"G","648":"A","649":"A","650":"G","651":",","652":"C","653":"A","654":"A","655":"C","656":",","657":"C","658":"A","659":"A","660":"C","661":",","662":"E","663":"A","664":"A","665":"E","666":",","667":"c","668":"A","669":"A","670":"c","671":",","672":"C","673":"A","674":"A","675":"C","676":",","677":"W","678":"A","679":"A","680":"W","681":",","682":"G","683":"A","684":"A","685":"G","686":";","687":"I","688":"A","689":"C","690":"7","691":"C","692":",","693":"I","694":"A","695":"A","696":"I","697":",","698":"O","699":"A","700":"A","701":"O","702":",","703":"G","704":"A","705":"A","706":"G","707":",","708":"K","709":"A","710":"A","711":"K","712":",","713":"C","714":"A","715":"A","716":"C","717":",","718":"O","719":"A","720":"A","721":"O","722":"\"","723":",","724":"\"","725":"f","726":"i","727":"l","728":"e","729":"\"","730":":","731":"\"","732":"/","733":"U","734":"s","735":"e","736":"r","737":"s","738":"/","739":"m","740":"h","741":"/","742":"s","743":"r","744":"c","745":"/","746":"g","747":"i","748":"t","749":"h","750":"u","751":"b","752":".","753":"c","754":"o","755":"m","756":"/","757":"m","758":"h","759":"a","760":"t","761":"a","762":"n","763":"o","764":"r","765":"k","766":"s","767":"/","768":"v","769":"u","770":"e","771":"_","772":"p","773":"r","774":"o","775":"j","776":"e","777":"c","778":"t","779":"/","780":"v","781":"u","782":"e","783":"_","784":"m","785":"y","786":"_","787":"m","788":"e","789":"d","790":"i","791":"a","792":"/","793":"s","794":"r","795":"c","796":"/","797":"v","798":"i","799":"e","800":"w","801":"s","802":"/","803":"H","804":"o","805":"m","806":"e","807":".","808":"v","809":"u","810":"e","811":"\"","812":",","813":"\"","814":"s","815":"o","816":"u","817":"r","818":"c","819":"e","820":"s","821":"C","822":"o","823":"n","824":"t","825":"e","826":"n","827":"t","828":"\"","829":":","830":"[","831":"\"","832":"<","833":"s","834":"c","835":"r","836":"i","837":"p","838":"t","839":" ","840":"s","841":"e","842":"t","843":"u","844":"p","845":" ","846":"l","847":"a","848":"n","849":"g","850":"=","851":"\\","852":"\"","853":"t","854":"s","855":"\\","856":"\"","857":">","858":"\\","859":"n","860":"i","861":"m","862":"p","863":"o","864":"r","865":"t","866":" ","867":"L","868":"o","869":"g","870":"i","871":"n","872":" ","873":"f","874":"r","875":"o","876":"m","877":" ","878":"\\","879":"\"","880":".","881":".","882":"/","883":"c","884":"o","885":"m","886":"p","887":"o","888":"n","889":"e","890":"n","891":"t","892":"s","893":"/","894":"L","895":"o","896":"g","897":"i","898":"n","899":".","900":"v","901":"u","902":"e","903":"\\","904":"\"","905":";","906":"\\","907":"n","908":"i","909":"m","910":"p","911":"o","912":"r","913":"t","914":" ","915":"{","916":" ","917":"u","918":"s","919":"e","920":"L","921":"o","922":"g","923":"i","924":"n","925":" ","926":"}","927":" ","928":"f","929":"r","930":"o","931":"m","932":" ","933":"\\","934":"\"","935":".","936":".","937":"/","938":"h","939":"o","940":"o","941":"k","942":"s","943":"/","944":"u","945":"s","946":"e","947":"L","948":"o","949":"g","950":"i","951":"n","952":"\\","953":"\"","954":";","955":"\\","956":"n","957":"i","958":"m","959":"p","960":"o","961":"r","962":"t","963":" ","964":"F","965":"a","966":"v","967":"B","968":"o","969":"o","970":"k","971":"s","972":" ","973":"f","974":"r","975":"o","976":"m","977":" ","978":"\\","979":"\"","980":".","981":".","982":"/","983":"c","984":"o","985":"m","986":"p","987":"o","988":"n","989":"e","990":"n","991":"t","992":"s","993":"/","994":"F","995":"a","996":"v","997":"B","998":"o","999":"o","1000":"k","1001":"s","1002":".","1003":"v","1004":"u","1005":"e","1006":"\\","1007":"\"","1008":";","1009":"\\","1010":"n","1011":"i","1012":"m","1013":"p","1014":"o","1015":"r","1016":"t","1017":" ","1018":"R","1019":"e","1020":"c","1021":"o","1022":"r","1023":"d","1024":"B","1025":"o","1026":"o","1027":"k","1028":"s","1029":" ","1030":"f","1031":"r","1032":"o","1033":"m","1034":" ","1035":"\\","1036":"\"","1037":".","1038":".","1039":"/","1040":"c","1041":"o","1042":"m","1043":"p","1044":"o","1045":"n","1046":"e","1047":"n","1048":"t","1049":"s","1050":"/","1051":"R","1052":"e","1053":"c","1054":"o","1055":"r","1056":"d","1057":"B","1058":"o","1059":"o","1060":"k","1061":"s","1062":".","1063":"v","1064":"u","1065":"e","1066":"\\","1067":"\"","1068":";","1069":"\\","1070":"n","1071":"i","1072":"m","1073":"p","1074":"o","1075":"r","1076":"t","1077":" ","1078":"{","1079":" ","1080":"u","1081":"s","1082":"e","1083":"T","1084":"a","1085":"b","1086":"S","1087":"t","1088":"o","1089":"r","1090":"e","1091":" ","1092":"}","1093":" ","1094":"f","1095":"r","1096":"o","1097":"m","1098":" ","1099":"\\","1100":"\"","1101":".","1102":".","1103":"/","1104":"s","1105":"t","1106":"o","1107":"r","1108":"e","1109":"s","1110":"/","1111":"P","1112":"r","1113":"o","1114":"d","1115":"u","1116":"c","1117":"t","1118":"S","1119":"t","1120":"o","1121":"r","1122":"e","1123":"\\","1124":"\"","1125":";","1126":"\\","1127":"n","1128":"\\","1129":"n","1130":"c","1131":"o","1132":"n","1133":"s","1134":"t","1135":" ","1136":"l","1137":"o","1138":"g","1139":"i","1140":"n","1141":"U","1142":"s","1143":"e","1144":"r","1145":" ","1146":"=","1147":" ","1148":"u","1149":"s","1150":"e","1151":"L","1152":"o","1153":"g","1154":"i","1155":"n","1156":"(","1157":")","1158":";","1159":"\\","1160":"n","1161":"c","1162":"o","1163":"n","1164":"s","1165":"t","1166":" ","1167":"s","1168":"t","1169":"o","1170":"r","1171":"e","1172":" ","1173":"=","1174":" ","1175":"u","1176":"s","1177":"e","1178":"T","1179":"a","1180":"b","1181":"S","1182":"t","1183":"o","1184":"r","1185":"e","1186":"(","1187":")","1188":";","1189":"\\","1190":"n","1191":"\\","1192":"n","1193":"c","1194":"o","1195":"n","1196":"s","1197":"t","1198":" ","1199":"c","1200":"h","1201":"e","1202":"c","1203":"k","1204":"e","1205":"d","1206":" ","1207":"=","1208":" ","1209":"s","1210":"t","1211":"o","1212":"r","1213":"e","1214":".","1215":"c","1216":"h","1217":"e","1218":"c","1219":"k","1220":"e","1221":"d","1222":";","1223":"\\","1224":"n","1225":"c","1226":"o","1227":"n","1228":"s","1229":"t","1230":" ","1231":"u","1232":"n","1233":"c","1234":"h","1235":"e","1236":"c","1237":"k","1238":"e","1239":"d","1240":" ","1241":"=","1242":" ","1243":"s","1244":"t","1245":"o","1246":"r","1247":"e","1248":".","1249":"u","1250":"n","1251":"c","1252":"h","1253":"e","1254":"c","1255":"k","1256":"e","1257":"d","1258":";","1259":"\\","1260":"n","1261":"\\","1262":"n","1263":"<","1264":"/","1265":"s","1266":"c","1267":"r","1268":"i","1269":"p","1270":"t","1271":">","1272":"\\","1273":"n","1274":"\\","1275":"n","1276":"<","1277":"t","1278":"e","1279":"m","1280":"p","1281":"l","1282":"a","1283":"t","1284":"e","1285":">","1286":"\\","1287":"n","1288":" ","1289":" ","1290":"<","1291":"!","1292":"-","1293":"-","1294":" ","1295":"ロ","1296":"グ","1297":"イ","1298":"ン","1299":"し","1300":"て","1301":"た","1302":"ら","1303":" ","1304":"-","1305":"-","1306":">","1307":"\\","1308":"n","1309":" ","1310":" ","1311":"<","1312":"s","1313":"e","1314":"c","1315":"t","1316":"i","1317":"o","1318":"n","1319":" ","1320":"v","1321":"-","1322":"i","1323":"f","1324":"=","1325":"\\","1326":"\"","1327":"l","1328":"o","1329":"g","1330":"i","1331":"n","1332":"U","1333":"s","1334":"e","1335":"r","1336":"\\","1337":"\"","1338":">","1339":"\\","1340":"n","1341":" ","1342":" ","1343":" ","1344":" ","1345":"<","1346":"d","1347":"i","1348":"v","1349":" ","1350":"c","1351":"l","1352":"a","1353":"s","1354":"s","1355":"=","1356":"\\","1357":"\"","1358":"m","1359":"b","1360":"-","1361":"3","1362":"2","1363":"\\","1364":"\"","1365":" ","1366":"d","1367":"a","1368":"t","1369":"a","1370":"-","1371":"t","1372":"e","1373":"s","1374":"t","1375":"=","1376":"\\","1377":"\"","1378":"u","1379":"s","1380":"e","1381":"r","1382":"-","1383":"p","1384":"a","1385":"g","1386":"e","1387":"\\","1388":"\"","1389":">","1390":"\\","1391":"n","1392":" ","1393":" ","1394":" ","1395":" ","1396":" ","1397":" ","1398":"<","1399":"!","1400":"-","1401":"-","1402":" ","1403":"タ","1404":"ブ","1405":"切","1406":"り","1407":"替","1408":"え","1409":" ","1410":"-","1411":"-","1412":">","1413":"\\","1414":"n","1415":" ","1416":" ","1417":" ","1418":" ","1419":" ","1420":" ","1421":"<","1422":"b","1423":"u","1424":"t","1425":"t","1426":"o","1427":"n","1428":"\\","1429":"n","1430":" ","1431":" ","1432":" ","1433":" ","1434":" ","1435":" ","1436":"d","1437":"a","1438":"t","1439":"a","1440":"-","1441":"t","1442":"e","1443":"s","1444":"t","1445":"=","1446":"\\","1447":"\"","1448":"m","1449":"y","1450":"-","1451":"r","1452":"e","1453":"c","1454":"o","1455":"r","1456":"d","1457":"s","1458":"\\","1459":"\"","1460":"\\","1461":"n","1462":" ","1463":" ","1464":" ","1465":" ","1466":" ","1467":" ","1468":" ","1469":" ","1470":"@","1471":"c","1472":"l","1473":"i","1474":"c","1475":"k","1476":"=","1477":"\\","1478":"\"","1479":"s","1480":"t","1481":"o","1482":"r","1483":"e","1484":".","1485":"c","1486":"h","1487":"a","1488":"n","1489":"g","1490":"e","1491":"T","1492":"a","1493":"b","1494":"(","1495":"'","1496":"b","1497":"u","1498":"t","1499":"t","1500":"o","1501":"n","1502":"1","1503":"'","1504":")","1505":"\\","1506":"\"","1507":"\\","1508":"n","1509":" ","1510":" ","1511":" ","1512":" ","1513":" ","1514":" ","1515":" ","1516":" ","1517":":","1518":"c","1519":"l","1520":"a","1521":"s","1522":"s","1523":"=","1524":"\\","1525":"\"","1526":"s","1527":"t","1528":"o","1529":"r","1530":"e","1531":".","1532":"v","1533":"i","1534":"e","1535":"w","1536":"A","1537":"c","1538":"t","1539":"i","1540":"v","1541":"e","1542":" ","1543":"?","1544":" ","1545":"c","1546":"h","1547":"e","1548":"c","1549":"k","1550":"e","1551":"d","1552":" ","1553":":","1554":" ","1555":"u","1556":"n","1557":"c","1558":"h","1559":"e","1560":"c","1561":"k","1562":"e","1563":"d","1564":"\\","1565":"\"","1566":"\\","1567":"n","1568":" ","1569":" ","1570":" ","1571":" ","1572":" ","1573":" ","1574":">","1575":"\\","1576":"n","1577":" ","1578":" ","1579":" ","1580":" ","1581":" ","1582":" ","1583":" ","1584":" ","1585":"M","1586":"y","1587":" ","1588":"R","1589":"e","1590":"c","1591":"o","1592":"r","1593":"d","1594":"s","1595":"\\","1596":"n","1597":" ","1598":" ","1599":" ","1600":" ","1601":" ","1602":" ","1603":"<","1604":"/","1605":"b","1606":"u","1607":"t","1608":"t","1609":"o","1610":"n","1611":">","1612":"\\","1613":"n","1614":" ","1615":" ","1616":" ","1617":" ","1618":" ","1619":" ","1620":"<","1621":"b","1622":"u","1623":"t","1624":"t","1625":"o","1626":"n","1627":"\\","1628":"n","1629":" ","1630":" ","1631":" ","1632":" ","1633":" ","1634":" ","1635":"d","1636":"a","1637":"t","1638":"a","1639":"-","1640":"t","1641":"e","1642":"s","1643":"t","1644":"=","1645":"\\","1646":"\"","1647":"f","1648":"a","1649":"v","1650":"-","1651":"b","1652":"o","1653":"o","1654":"k","1655":"s","1656":"\\","1657":"\"","1658":"\\","1659":"n","1660":" ","1661":" ","1662":" ","1663":" ","1664":" ","1665":" ","1666":" ","1667":" ","1668":"@","1669":"c","1670":"l","1671":"i","1672":"c","1673":"k","1674":"=","1675":"\\","1676":"\"","1677":"s","1678":"t","1679":"o","1680":"r","1681":"e","1682":".","1683":"c","1684":"h","1685":"a","1686":"n","1687":"g","1688":"e","1689":"T","1690":"a","1691":"b","1692":"(","1693":"'","1694":"b","1695":"u","1696":"t","1697":"t","1698":"o","1699":"n","1700":"2","1701":"'","1702":")","1703":"\\","1704":"\"","1705":"\\","1706":"n","1707":" ","1708":" ","1709":" ","1710":" ","1711":" ","1712":" ","1713":" ","1714":" ","1715":":","1716":"c","1717":"l","1718":"a","1719":"s","1720":"s","1721":"=","1722":"\\","1723":"\"","1724":"s","1725":"t","1726":"o","1727":"r","1728":"e","1729":".","1730":"v","1731":"i","1732":"e","1733":"w","1734":"A","1735":"c","1736":"t","1737":"i","1738":"v","1739":"e","1740":" ","1741":"?","1742":" ","1743":"u","1744":"n","1745":"c","1746":"h","1747":"e","1748":"c","1749":"k","1750":"e","1751":"d","1752":" ","1753":":","1754":" ","1755":"c","1756":"h","1757":"e","1758":"c","1759":"k","1760":"e","1761":"d","1762":"\\","1763":"\"","1764":"\\","1765":"n","1766":" ","1767":" ","1768":" ","1769":" ","1770":" ","1771":" ","1772":">","1773":"\\","1774":"n","1775":" ","1776":" ","1777":" ","1778":" ","1779":" ","1780":" ","1781":" ","1782":" ","1783":"f","1784":"a","1785":"v","1786":" ","1787":"B","1788":"o","1789":"o","1790":"k","1791":"s","1792":"\\","1793":"n","1794":" ","1795":" ","1796":" ","1797":" ","1798":" ","1799":" ","1800":"<","1801":"/","1802":"b","1803":"u","1804":"t","1805":"t","1806":"o","1807":"n","1808":">","1809":"\\","1810":"n","1811":"\\","1812":"n","1813":" ","1814":" ","1815":" ","1816":" ","1817":" ","1818":" ","1819":"<","1820":"!","1821":"-","1822":"-","1823":" ","1824":"M","1825":"y","1826":" ","1827":"B","1828":"o","1829":"o","1830":"k","1831":"s","1832":" ","1833":"-","1834":"-","1835":">","1836":"\\","1837":"n","1838":" ","1839":" ","1840":" ","1841":" ","1842":" ","1843":" ","1844":"<","1845":"d","1846":"i","1847":"v","1848":" ","1849":"v","1850":"-","1851":"i","1852":"f","1853":"=","1854":"\\","1855":"\"","1856":"s","1857":"t","1858":"o","1859":"r","1860":"e","1861":".","1862":"a","1863":"c","1864":"t","1865":"i","1866":"v","1867":"e","1868":"B","1869":"u","1870":"t","1871":"t","1872":"o","1873":"n","1874":" ","1875":"=","1876":"=","1877":"=","1878":" ","1879":"'","1880":"b","1881":"u","1882":"t","1883":"t","1884":"o","1885":"n","1886":"1","1887":"'","1888":"\\","1889":"\"","1890":">","1891":"\\","1892":"n","1893":" ","1894":" ","1895":" ","1896":" ","1897":" ","1898":" ","1899":" ","1900":" ","1901":"<","1902":"R","1903":"e","1904":"c","1905":"o","1906":"r","1907":"d","1908":"B","1909":"o","1910":"o","1911":"k","1912":"s","1913":" ","1914":"/","1915":">","1916":"\\","1917":"n","1918":" ","1919":" ","1920":" ","1921":" ","1922":" ","1923":" ","1924":"<","1925":"/","1926":"d","1927":"i","1928":"v","1929":">","1930":"\\","1931":"n","1932":"\\","1933":"n","1934":" ","1935":" ","1936":" ","1937":" ","1938":" ","1939":" ","1940":"<","1941":"!","1942":"-","1943":"-","1944":" ","1945":"S","1946":"e","1947":"a","1948":"r","1949":"c","1950":"h","1951":"B","1952":"o","1953":"o","1954":"k","1955":"s","1956":" ","1957":"-","1958":"-","1959":">","1960":"\\","1961":"n","1962":" ","1963":" ","1964":" ","1965":" ","1966":" ","1967":" ","1968":"<","1969":"d","1970":"i","1971":"v","1972":" ","1973":"v","1974":"-","1975":"i","1976":"f","1977":"=","1978":"\\","1979":"\"","1980":"s","1981":"t","1982":"o","1983":"r","1984":"e","1985":".","1986":"a","1987":"c","1988":"t","1989":"i","1990":"v","1991":"e","1992":"B","1993":"u","1994":"t","1995":"t","1996":"o","1997":"n","1998":" ","1999":"=","2000":"=","2001":"=","2002":" ","2003":"'","2004":"b","2005":"u","2006":"t","2007":"t","2008":"o","2009":"n","2010":"2","2011":"'","2012":"\\","2013":"\"","2014":">","2015":"\\","2016":"n","2017":" ","2018":" ","2019":" ","2020":" ","2021":" ","2022":" ","2023":" ","2024":" ","2025":"<","2026":"F","2027":"a","2028":"v","2029":"B","2030":"o","2031":"o","2032":"k","2033":"s","2034":" ","2035":"/","2036":">","2037":"\\","2038":"n","2039":" ","2040":" ","2041":" ","2042":" ","2043":" ","2044":" ","2045":"<","2046":"/","2047":"d","2048":"i","2049":"v","2050":">","2051":"\\","2052":"n","2053":" ","2054":" ","2055":" ","2056":" ","2057":"<","2058":"/","2059":"d","2060":"i","2061":"v","2062":">","2063":"\\","2064":"n","2065":" ","2066":" ","2067":"<","2068":"/","2069":"s","2070":"e","2071":"c","2072":"t","2073":"i","2074":"o","2075":"n","2076":">","2077":"\\","2078":"n","2079":"\\","2080":"n","2081":" ","2082":" ","2083":"<","2084":"!","2085":"-","2086":"-","2087":" ","2088":"ロ","2089":"グ","2090":"イ","2091":"ン","2092":"し","2093":"て","2094":"な","2095":"か","2096":"っ","2097":"た","2098":"ら","2099":" ","2100":"-","2101":"-","2102":">","2103":"\\","2104":"n","2105":" ","2106":" ","2107":"<","2108":"s","2109":"e","2110":"c","2111":"t","2112":"i","2113":"o","2114":"n","2115":" ","2116":"v","2117":"-","2118":"e","2119":"l","2120":"s","2121":"e","2122":">","2123":"\\","2124":"n","2125":" ","2126":" ","2127":" ","2128":" ","2129":"<","2130":"L","2131":"o","2132":"g","2133":"i","2134":"n","2135":" ","2136":"/","2137":">","2138":"\\","2139":"n","2140":" ","2141":" ","2142":"<","2143":"/","2144":"s","2145":"e","2146":"c","2147":"t","2148":"i","2149":"o","2150":"n","2151":">","2152":"\\","2153":"n","2154":"<","2155":"/","2156":"t","2157":"e","2158":"m","2159":"p","2160":"l","2161":"a","2162":"t","2163":"e","2164":">","2165":"\\","2166":"n","2167":"\"","2168":"]","2169":"}"},"_coverageSchema":"1a1c01bbd47fc00a2c39e90264f33305004495a9","hash":"aa5bcf698d2505fac0bba68341b8785ec98c1e24"}
}
