TN:
SF:src/components/Enter.vue
FN:7,(anonymous_0)
FN:8,adopt
FN:9,(anonymous_2)
FN:13,(anonymous_3)
FN:14,fulfilled
FN:21,rejected
FN:28,step
FN:38,(anonymous_7)
FN:41,(anonymous_8)
FN:56,(anonymous_9)
FN:59,verb
FN:60,(anonymous_11)
FN:64,step
FN:130,(anonymous_13)
FN:148,(anonymous_14)
FN:158,(anonymous_15)
FN:159,(anonymous_16)
FN:161,(anonymous_17)
FN:224,render
FN:226,(anonymous_19)
FN:237,(anonymous_20)
FN:248,(anonymous_21)
FN:259,(anonymous_22)
FN:269,(anonymous_23)
FNF:24
FNH:4
FNDA:0,(anonymous_0)
FNDA:0,adopt
FNDA:0,(anonymous_2)
FNDA:0,(anonymous_3)
FNDA:0,fulfilled
FNDA:0,rejected
FNDA:0,step
FNDA:0,(anonymous_7)
FNDA:0,(anonymous_8)
FNDA:0,(anonymous_9)
FNDA:0,verb
FNDA:0,(anonymous_11)
FNDA:0,step
FNDA:2,(anonymous_13)
FNDA:3,(anonymous_14)
FNDA:0,(anonymous_15)
FNDA:0,(anonymous_16)
FNDA:0,(anonymous_17)
FNDA:3,render
FNDA:3,(anonymous_19)
FNDA:0,(anonymous_20)
FNDA:0,(anonymous_21)
FNDA:0,(anonymous_22)
FNDA:0,(anonymous_23)
DA:5,2
DA:9,0
DA:10,0
DA:13,0
DA:15,0
DA:16,0
DA:18,0
DA:22,0
DA:23,0
DA:25,0
DA:29,0
DA:31,0
DA:36,2
DA:39,0
DA:42,0
DA:43,0
DA:52,0
DA:57,0
DA:60,0
DA:61,0
DA:65,0
DA:66,0
DA:67,0
DA:68,0
DA:69,0
DA:72,0
DA:73,0
DA:75,0
DA:76,0
DA:81,0
DA:82,0
DA:83,0
DA:84,0
DA:86,0
DA:87,0
DA:88,0
DA:90,0
DA:91,0
DA:92,0
DA:94,0
DA:95,0
DA:96,0
DA:98,0
DA:99,0
DA:100,0
DA:101,0
DA:103,0
DA:104,0
DA:105,0
DA:106,0
DA:108,0
DA:109,0
DA:110,0
DA:112,0
DA:114,0
DA:115,0
DA:117,0
DA:119,0
DA:120,0
DA:128,2
DA:131,2
DA:135,2
DA:138,2
DA:139,2
DA:140,2
DA:141,2
DA:143,2
DA:149,3
DA:150,3
DA:151,3
DA:152,3
DA:153,3
DA:154,3
DA:155,3
DA:156,3
DA:157,3
DA:158,3
DA:159,0
DA:161,0
DA:162,0
DA:164,0
DA:165,0
DA:166,0
DA:167,0
DA:168,0
DA:171,0
DA:179,0
DA:182,0
DA:183,0
DA:184,0
DA:190,3
DA:199,3
DA:203,3
DA:207,2
DA:208,2
DA:209,2
DA:210,2
DA:214,2
DA:215,2
DA:216,2
DA:217,2
DA:218,2
DA:219,2
DA:220,2
DA:225,3
DA:226,3
DA:237,0
DA:248,0
DA:259,0
DA:269,0
DA:287,2
DA:288,2
LF:112
LH:38
BRDA:5,0,0,2
BRDA:5,0,1,2
BRDA:9,1,0,0
BRDA:9,1,1,0
BRDA:13,2,0,0
BRDA:13,2,1,0
BRDA:29,3,0,0
BRDA:29,3,1,0
BRDA:31,4,0,0
BRDA:31,4,1,0
BRDA:36,5,0,2
BRDA:36,5,1,2
BRDA:42,6,0,0
BRDA:42,6,1,0
BRDA:56,7,0,0
BRDA:56,7,1,0
BRDA:65,8,0,0
BRDA:65,8,1,0
BRDA:66,9,0,0
BRDA:66,9,1,0
BRDA:66,10,0,0
BRDA:66,10,1,0
BRDA:67,11,0,0
BRDA:67,11,1,0
BRDA:67,12,0,0
BRDA:67,12,1,0
BRDA:67,12,2,0
BRDA:67,13,0,0
BRDA:67,13,1,0
BRDA:67,14,0,0
BRDA:67,14,1,0
BRDA:67,15,0,0
BRDA:67,15,1,0
BRDA:67,16,0,0
BRDA:67,16,1,0
BRDA:68,17,0,0
BRDA:68,17,1,0
BRDA:69,18,0,0
BRDA:69,18,1,0
BRDA:69,18,2,0
BRDA:69,18,3,0
BRDA:69,18,4,0
BRDA:69,18,5,0
BRDA:90,19,0,0
BRDA:90,19,1,0
BRDA:90,20,0,0
BRDA:90,20,1,0
BRDA:90,20,2,0
BRDA:90,21,0,0
BRDA:90,21,1,0
BRDA:94,22,0,0
BRDA:94,22,1,0
BRDA:94,23,0,0
BRDA:94,23,1,0
BRDA:94,23,2,0
BRDA:94,23,3,0
BRDA:98,24,0,0
BRDA:98,24,1,0
BRDA:98,25,0,0
BRDA:98,25,1,0
BRDA:103,26,0,0
BRDA:103,26,1,0
BRDA:103,27,0,0
BRDA:103,27,1,0
BRDA:108,28,0,0
BRDA:108,28,1,0
BRDA:119,29,0,0
BRDA:119,29,1,0
BRDA:121,30,0,0
BRDA:121,30,1,0
BRDA:128,31,0,2
BRDA:128,31,1,2
BRDA:131,32,0,0
BRDA:131,32,1,2
BRDA:131,33,0,2
BRDA:131,33,1,2
BRDA:162,34,0,0
BRDA:162,34,1,0
BRDA:165,35,0,0
BRDA:165,35,1,0
BRDA:165,36,0,0
BRDA:165,36,1,0
BRDA:165,36,2,0
BRDA:227,37,0,0
BRDA:227,37,1,3
BRDA:237,38,0,0
BRDA:237,38,1,0
BRDA:248,39,0,0
BRDA:248,39,1,0
BRDA:259,40,0,0
BRDA:259,40,1,0
BRDA:269,41,0,0
BRDA:269,41,1,0
BRDA:276,42,0,0
BRDA:276,42,1,0
BRF:95
BRH:10
end_of_record
TN:
SF:src/components/FavBooks.vue
FN:7,(anonymous_0)
FN:8,adopt
FN:9,(anonymous_2)
FN:13,(anonymous_3)
FN:14,fulfilled
FN:21,rejected
FN:28,step
FN:38,(anonymous_7)
FN:41,(anonymous_8)
FN:56,(anonymous_9)
FN:59,verb
FN:60,(anonymous_11)
FN:64,step
FN:130,(anonymous_13)
FN:146,(anonymous_14)
FN:159,(anonymous_15)
FN:160,(anonymous_16)
FN:161,(anonymous_17)
FN:164,(anonymous_18)
FN:166,(anonymous_19)
FN:179,(anonymous_20)
FN:182,(anonymous_21)
FN:183,(anonymous_22)
FN:184,(anonymous_23)
FN:231,render
FN:234,(anonymous_25)
FN:256,(anonymous_26)
FN:265,(anonymous_27)
FNF:28
FNH:21
FNDA:2,(anonymous_0)
FNDA:2,adopt
FNDA:0,(anonymous_2)
FNDA:2,(anonymous_3)
FNDA:2,fulfilled
FNDA:0,rejected
FNDA:4,step
FNDA:2,(anonymous_7)
FNDA:2,(anonymous_8)
FNDA:0,(anonymous_9)
FNDA:6,verb
FNDA:4,(anonymous_11)
FNDA:4,step
FNDA:4,(anonymous_13)
FNDA:2,(anonymous_14)
FNDA:2,(anonymous_15)
FNDA:2,(anonymous_16)
FNDA:4,(anonymous_17)
FNDA:2,(anonymous_18)
FNDA:4,(anonymous_19)
FNDA:2,(anonymous_20)
FNDA:0,(anonymous_21)
FNDA:0,(anonymous_22)
FNDA:0,(anonymous_23)
FNDA:5,render
FNDA:2,(anonymous_25)
FNDA:3,(anonymous_26)
FNDA:0,(anonymous_27)
DA:5,2
DA:9,2
DA:10,0
DA:13,2
DA:15,2
DA:16,2
DA:18,0
DA:22,0
DA:23,0
DA:25,0
DA:29,4
DA:31,2
DA:36,2
DA:39,2
DA:42,2
DA:43,2
DA:52,2
DA:57,0
DA:60,6
DA:61,4
DA:65,4
DA:66,8
DA:67,8
DA:68,8
DA:69,8
DA:72,4
DA:73,4
DA:75,2
DA:76,2
DA:81,0
DA:82,0
DA:83,0
DA:84,0
DA:86,0
DA:87,0
DA:88,0
DA:90,2
DA:91,2
DA:92,2
DA:94,0
DA:95,0
DA:96,0
DA:98,0
DA:99,0
DA:100,0
DA:101,0
DA:103,0
DA:104,0
DA:105,0
DA:106,0
DA:108,0
DA:109,0
DA:110,0
DA:112,4
DA:114,0
DA:115,0
DA:117,8
DA:119,2
DA:120,2
DA:128,2
DA:131,4
DA:135,2
DA:138,2
DA:139,2
DA:140,2
DA:141,2
DA:142,2
DA:143,2
DA:144,2
DA:147,2
DA:148,2
DA:149,2
DA:157,2
DA:158,2
DA:159,2
DA:160,2
DA:161,2
DA:162,4
DA:164,2
DA:166,2
DA:167,4
DA:171,2
DA:172,2
DA:173,2
DA:179,2
DA:180,2
DA:182,2
DA:183,0
DA:184,0
DA:185,0
DA:187,0
DA:188,0
DA:190,0
DA:191,0
DA:192,0
DA:198,2
DA:205,2
DA:209,2
DA:213,2
DA:214,2
DA:215,2
DA:216,2
DA:217,2
DA:218,2
DA:219,2
DA:220,2
DA:224,2
DA:225,2
DA:226,2
DA:227,2
DA:228,2
DA:229,2
DA:230,2
DA:232,5
DA:235,2
DA:257,3
DA:265,0
DA:282,2
DA:283,2
LF:119
LH:81
BRDA:5,0,0,2
BRDA:5,0,1,2
BRDA:9,1,0,2
BRDA:9,1,1,0
BRDA:13,2,0,2
BRDA:13,2,1,2
BRDA:29,3,0,2
BRDA:29,3,1,2
BRDA:31,4,0,2
BRDA:31,4,1,2
BRDA:36,5,0,2
BRDA:36,5,1,2
BRDA:42,6,0,0
BRDA:42,6,1,2
BRDA:56,7,0,2
BRDA:56,7,1,2
BRDA:65,8,0,0
BRDA:65,8,1,4
BRDA:66,9,0,10
BRDA:66,9,1,2
BRDA:66,10,0,2
BRDA:66,10,1,0
BRDA:67,11,0,0
BRDA:67,11,1,8
BRDA:67,12,0,8
BRDA:67,12,1,0
BRDA:67,12,2,0
BRDA:67,13,0,0
BRDA:67,13,1,0
BRDA:67,14,0,0
BRDA:67,14,1,0
BRDA:67,15,0,0
BRDA:67,15,1,0
BRDA:67,16,0,0
BRDA:67,16,1,0
BRDA:68,17,0,0
BRDA:68,17,1,8
BRDA:69,18,0,4
BRDA:69,18,1,4
BRDA:69,18,2,2
BRDA:69,18,3,0
BRDA:69,18,4,0
BRDA:69,18,5,2
BRDA:90,19,0,2
BRDA:90,19,1,0
BRDA:90,20,0,2
BRDA:90,20,1,2
BRDA:90,20,2,2
BRDA:90,21,0,2
BRDA:90,21,1,0
BRDA:94,22,0,0
BRDA:94,22,1,0
BRDA:94,23,0,0
BRDA:94,23,1,0
BRDA:94,23,2,0
BRDA:94,23,3,0
BRDA:98,24,0,0
BRDA:98,24,1,0
BRDA:98,25,0,0
BRDA:98,25,1,0
BRDA:103,26,0,0
BRDA:103,26,1,0
BRDA:103,27,0,0
BRDA:103,27,1,0
BRDA:108,28,0,0
BRDA:108,28,1,0
BRDA:119,29,0,0
BRDA:119,29,1,2
BRDA:121,30,0,2
BRDA:121,30,1,0
BRDA:128,31,0,2
BRDA:128,31,1,2
BRDA:131,32,0,2
BRDA:131,32,1,2
BRDA:131,33,0,4
BRDA:131,33,1,4
BRDA:162,34,0,2
BRDA:162,34,1,2
BRDA:185,35,0,0
BRDA:185,35,1,0
BRDA:242,36,0,1
BRDA:242,36,1,1
BRDA:242,37,0,2
BRDA:242,37,1,1
BRDA:249,38,0,1
BRDA:249,38,1,1
BRF:86
BRH:46
end_of_record
TN:
SF:src/components/FavToRecord.vue
FN:7,(anonymous_0)
FN:8,adopt
FN:9,(anonymous_2)
FN:13,(anonymous_3)
FN:14,fulfilled
FN:21,rejected
FN:28,step
FN:38,(anonymous_7)
FN:41,(anonymous_8)
FN:56,(anonymous_9)
FN:59,verb
FN:60,(anonymous_11)
FN:64,step
FN:130,(anonymous_13)
FN:156,(anonymous_14)
FN:171,(anonymous_15)
FN:172,(anonymous_16)
FN:174,(anonymous_17)
FN:183,(anonymous_18)
FN:247,render
FN:249,(anonymous_20)
FN:259,(anonymous_21)
FN:270,(anonymous_22)
FN:283,(anonymous_23)
FN:294,(anonymous_24)
FN:298,(anonymous_25)
FNF:26
FNH:4
FNDA:0,(anonymous_0)
FNDA:0,adopt
FNDA:0,(anonymous_2)
FNDA:0,(anonymous_3)
FNDA:0,fulfilled
FNDA:0,rejected
FNDA:0,step
FNDA:0,(anonymous_7)
FNDA:0,(anonymous_8)
FNDA:0,(anonymous_9)
FNDA:0,verb
FNDA:0,(anonymous_11)
FNDA:0,step
FNDA:3,(anonymous_13)
FNDA:1,(anonymous_14)
FNDA:0,(anonymous_15)
FNDA:0,(anonymous_16)
FNDA:0,(anonymous_17)
FNDA:0,(anonymous_18)
FNDA:1,render
FNDA:1,(anonymous_20)
FNDA:0,(anonymous_21)
FNDA:0,(anonymous_22)
FNDA:0,(anonymous_23)
FNDA:0,(anonymous_24)
FNDA:0,(anonymous_25)
DA:5,3
DA:9,0
DA:10,0
DA:13,0
DA:15,0
DA:16,0
DA:18,0
DA:22,0
DA:23,0
DA:25,0
DA:29,0
DA:31,0
DA:36,3
DA:39,0
DA:42,0
DA:43,0
DA:52,0
DA:57,0
DA:60,0
DA:61,0
DA:65,0
DA:66,0
DA:67,0
DA:68,0
DA:69,0
DA:72,0
DA:73,0
DA:75,0
DA:76,0
DA:81,0
DA:82,0
DA:83,0
DA:84,0
DA:86,0
DA:87,0
DA:88,0
DA:90,0
DA:91,0
DA:92,0
DA:94,0
DA:95,0
DA:96,0
DA:98,0
DA:99,0
DA:100,0
DA:101,0
DA:103,0
DA:104,0
DA:105,0
DA:106,0
DA:108,0
DA:109,0
DA:110,0
DA:112,0
DA:114,0
DA:115,0
DA:117,0
DA:119,0
DA:120,0
DA:128,3
DA:131,3
DA:135,3
DA:138,3
DA:139,3
DA:140,3
DA:141,3
DA:142,3
DA:143,3
DA:144,3
DA:157,1
DA:158,1
DA:159,1
DA:160,1
DA:161,1
DA:162,1
DA:163,1
DA:164,1
DA:165,1
DA:166,1
DA:167,1
DA:168,1
DA:170,1
DA:171,1
DA:172,0
DA:174,0
DA:175,0
DA:178,0
DA:181,0
DA:182,0
DA:183,0
DA:184,0
DA:187,0
DA:188,0
DA:196,0
DA:198,0
DA:201,0
DA:202,0
DA:203,0
DA:204,0
DA:210,1
DA:222,1
DA:226,1
DA:230,3
DA:231,3
DA:232,3
DA:233,3
DA:237,3
DA:238,3
DA:239,3
DA:240,3
DA:241,3
DA:242,3
DA:243,3
DA:244,3
DA:245,3
DA:246,3
DA:248,1
DA:249,1
DA:260,0
DA:270,0
DA:283,0
DA:294,0
DA:298,0
DA:310,3
DA:311,3
LF:125
LH:47
BRDA:5,0,0,3
BRDA:5,0,1,3
BRDA:9,1,0,0
BRDA:9,1,1,0
BRDA:13,2,0,0
BRDA:13,2,1,0
BRDA:29,3,0,0
BRDA:29,3,1,0
BRDA:31,4,0,0
BRDA:31,4,1,0
BRDA:36,5,0,3
BRDA:36,5,1,3
BRDA:42,6,0,0
BRDA:42,6,1,0
BRDA:56,7,0,0
BRDA:56,7,1,0
BRDA:65,8,0,0
BRDA:65,8,1,0
BRDA:66,9,0,0
BRDA:66,9,1,0
BRDA:66,10,0,0
BRDA:66,10,1,0
BRDA:67,11,0,0
BRDA:67,11,1,0
BRDA:67,12,0,0
BRDA:67,12,1,0
BRDA:67,12,2,0
BRDA:67,13,0,0
BRDA:67,13,1,0
BRDA:67,14,0,0
BRDA:67,14,1,0
BRDA:67,15,0,0
BRDA:67,15,1,0
BRDA:67,16,0,0
BRDA:67,16,1,0
BRDA:68,17,0,0
BRDA:68,17,1,0
BRDA:69,18,0,0
BRDA:69,18,1,0
BRDA:69,18,2,0
BRDA:69,18,3,0
BRDA:69,18,4,0
BRDA:69,18,5,0
BRDA:90,19,0,0
BRDA:90,19,1,0
BRDA:90,20,0,0
BRDA:90,20,1,0
BRDA:90,20,2,0
BRDA:90,21,0,0
BRDA:90,21,1,0
BRDA:94,22,0,0
BRDA:94,22,1,0
BRDA:94,23,0,0
BRDA:94,23,1,0
BRDA:94,23,2,0
BRDA:94,23,3,0
BRDA:98,24,0,0
BRDA:98,24,1,0
BRDA:98,25,0,0
BRDA:98,25,1,0
BRDA:103,26,0,0
BRDA:103,26,1,0
BRDA:103,27,0,0
BRDA:103,27,1,0
BRDA:108,28,0,0
BRDA:108,28,1,0
BRDA:119,29,0,0
BRDA:119,29,1,0
BRDA:121,30,0,0
BRDA:121,30,1,0
BRDA:128,31,0,3
BRDA:128,31,1,3
BRDA:131,32,0,0
BRDA:131,32,1,3
BRDA:131,33,0,3
BRDA:131,33,1,3
BRDA:175,34,0,0
BRDA:175,34,1,0
BRDA:175,34,2,0
BRDA:175,34,3,0
BRDA:250,35,0,0
BRDA:250,35,1,1
BRDA:270,36,0,0
BRDA:270,36,1,0
BRDA:283,37,0,0
BRDA:283,37,1,0
BRDA:294,38,0,0
BRDA:294,38,1,0
BRDA:298,39,0,0
BRDA:298,39,1,0
BRF:90
BRH:10
end_of_record
TN:
SF:src/components/Login.vue
FN:7,(anonymous_0)
FN:8,adopt
FN:9,(anonymous_2)
FN:13,(anonymous_3)
FN:14,fulfilled
FN:21,rejected
FN:28,step
FN:38,(anonymous_7)
FN:41,(anonymous_8)
FN:56,(anonymous_9)
FN:59,verb
FN:60,(anonymous_11)
FN:64,step
FN:130,(anonymous_13)
FN:144,(anonymous_14)
FN:154,(anonymous_15)
FN:155,(anonymous_16)
FN:157,(anonymous_17)
FN:165,(anonymous_18)
FN:230,render
FN:239,(anonymous_20)
FN:250,(anonymous_21)
FN:273,(anonymous_22)
FN:279,(anonymous_23)
FNF:24
FNH:3
FNDA:0,(anonymous_0)
FNDA:0,adopt
FNDA:0,(anonymous_2)
FNDA:0,(anonymous_3)
FNDA:0,fulfilled
FNDA:0,rejected
FNDA:0,step
FNDA:0,(anonymous_7)
FNDA:0,(anonymous_8)
FNDA:0,(anonymous_9)
FNDA:0,verb
FNDA:0,(anonymous_11)
FNDA:0,step
FNDA:4,(anonymous_13)
FNDA:3,(anonymous_14)
FNDA:0,(anonymous_15)
FNDA:0,(anonymous_16)
FNDA:0,(anonymous_17)
FNDA:0,(anonymous_18)
FNDA:4,render
FNDA:0,(anonymous_20)
FNDA:0,(anonymous_21)
FNDA:0,(anonymous_22)
FNDA:0,(anonymous_23)
DA:5,2
DA:9,0
DA:10,0
DA:13,0
DA:15,0
DA:16,0
DA:18,0
DA:22,0
DA:23,0
DA:25,0
DA:29,0
DA:31,0
DA:36,2
DA:39,0
DA:42,0
DA:43,0
DA:52,0
DA:57,0
DA:60,0
DA:61,0
DA:65,0
DA:66,0
DA:67,0
DA:68,0
DA:69,0
DA:72,0
DA:73,0
DA:75,0
DA:76,0
DA:81,0
DA:82,0
DA:83,0
DA:84,0
DA:86,0
DA:87,0
DA:88,0
DA:90,0
DA:91,0
DA:92,0
DA:94,0
DA:95,0
DA:96,0
DA:98,0
DA:99,0
DA:100,0
DA:101,0
DA:103,0
DA:104,0
DA:105,0
DA:106,0
DA:108,0
DA:109,0
DA:110,0
DA:112,0
DA:114,0
DA:115,0
DA:117,0
DA:119,0
DA:120,0
DA:128,2
DA:131,4
DA:135,2
DA:138,2
DA:139,2
DA:140,2
DA:141,2
DA:142,2
DA:145,3
DA:146,3
DA:147,3
DA:148,3
DA:149,3
DA:150,3
DA:151,3
DA:152,3
DA:153,3
DA:154,3
DA:155,0
DA:157,0
DA:158,0
DA:160,0
DA:161,0
DA:162,0
DA:164,0
DA:165,0
DA:166,0
DA:169,0
DA:170,0
DA:172,0
DA:176,0
DA:178,0
DA:180,0
DA:182,0
DA:183,0
DA:184,0
DA:186,0
DA:192,3
DA:202,3
DA:206,3
DA:210,2
DA:211,2
DA:212,2
DA:213,2
DA:214,2
DA:215,2
DA:216,2
DA:217,2
DA:221,2
DA:226,2
DA:231,4
DA:239,0
DA:250,0
DA:273,0
DA:279,0
DA:284,2
DA:285,2
LF:116
LH:36
BRDA:5,0,0,2
BRDA:5,0,1,2
BRDA:9,1,0,0
BRDA:9,1,1,0
BRDA:13,2,0,0
BRDA:13,2,1,0
BRDA:29,3,0,0
BRDA:29,3,1,0
BRDA:31,4,0,0
BRDA:31,4,1,0
BRDA:36,5,0,2
BRDA:36,5,1,2
BRDA:42,6,0,0
BRDA:42,6,1,0
BRDA:56,7,0,0
BRDA:56,7,1,0
BRDA:65,8,0,0
BRDA:65,8,1,0
BRDA:66,9,0,0
BRDA:66,9,1,0
BRDA:66,10,0,0
BRDA:66,10,1,0
BRDA:67,11,0,0
BRDA:67,11,1,0
BRDA:67,12,0,0
BRDA:67,12,1,0
BRDA:67,12,2,0
BRDA:67,13,0,0
BRDA:67,13,1,0
BRDA:67,14,0,0
BRDA:67,14,1,0
BRDA:67,15,0,0
BRDA:67,15,1,0
BRDA:67,16,0,0
BRDA:67,16,1,0
BRDA:68,17,0,0
BRDA:68,17,1,0
BRDA:69,18,0,0
BRDA:69,18,1,0
BRDA:69,18,2,0
BRDA:69,18,3,0
BRDA:69,18,4,0
BRDA:69,18,5,0
BRDA:90,19,0,0
BRDA:90,19,1,0
BRDA:90,20,0,0
BRDA:90,20,1,0
BRDA:90,20,2,0
BRDA:90,21,0,0
BRDA:90,21,1,0
BRDA:94,22,0,0
BRDA:94,22,1,0
BRDA:94,23,0,0
BRDA:94,23,1,0
BRDA:94,23,2,0
BRDA:94,23,3,0
BRDA:98,24,0,0
BRDA:98,24,1,0
BRDA:98,25,0,0
BRDA:98,25,1,0
BRDA:103,26,0,0
BRDA:103,26,1,0
BRDA:103,27,0,0
BRDA:103,27,1,0
BRDA:108,28,0,0
BRDA:108,28,1,0
BRDA:119,29,0,0
BRDA:119,29,1,0
BRDA:121,30,0,0
BRDA:121,30,1,0
BRDA:128,31,0,2
BRDA:128,31,1,2
BRDA:131,32,0,2
BRDA:131,32,1,2
BRDA:131,33,0,4
BRDA:131,33,1,4
BRDA:158,34,0,0
BRDA:158,34,1,0
BRDA:158,34,2,0
BRDA:158,34,3,0
BRDA:158,34,4,0
BRDA:170,35,0,0
BRDA:170,35,1,0
BRDA:239,36,0,4
BRDA:239,36,1,3
BRDA:250,37,0,4
BRDA:250,37,1,3
BRDA:265,38,0,1
BRDA:265,38,1,3
BRDA:268,39,0,0
BRDA:268,39,1,4
BRDA:273,40,0,4
BRDA:273,40,1,3
BRDA:279,41,0,4
BRDA:279,41,1,3
BRF:95
BRH:21
end_of_record
TN:
SF:src/components/RecordBooks.vue
FN:7,(anonymous_0)
FN:8,adopt
FN:9,(anonymous_2)
FN:13,(anonymous_3)
FN:14,fulfilled
FN:21,rejected
FN:28,step
FN:38,(anonymous_7)
FN:41,(anonymous_8)
FN:56,(anonymous_9)
FN:59,verb
FN:60,(anonymous_11)
FN:64,step
FN:130,(anonymous_13)
FN:144,(anonymous_14)
FN:157,(anonymous_15)
FN:158,(anonymous_16)
FN:159,(anonymous_17)
FN:162,(anonymous_18)
FN:164,(anonymous_19)
FN:176,(anonymous_20)
FN:207,render
FN:210,(anonymous_22)
FN:231,(anonymous_23)
FNF:24
FNH:15
FNDA:1,(anonymous_0)
FNDA:1,adopt
FNDA:0,(anonymous_2)
FNDA:1,(anonymous_3)
FNDA:0,fulfilled
FNDA:0,rejected
FNDA:1,step
FNDA:1,(anonymous_7)
FNDA:0,(anonymous_8)
FNDA:0,(anonymous_9)
FNDA:3,verb
FNDA:1,(anonymous_11)
FNDA:1,step
FNDA:1,(anonymous_13)
FNDA:1,(anonymous_14)
FNDA:1,(anonymous_15)
FNDA:1,(anonymous_16)
FNDA:1,(anonymous_17)
FNDA:0,(anonymous_18)
FNDA:0,(anonymous_19)
FNDA:1,(anonymous_20)
FNDA:1,render
FNDA:0,(anonymous_22)
FNDA:0,(anonymous_23)
DA:5,1
DA:9,1
DA:10,0
DA:13,1
DA:15,0
DA:16,0
DA:18,0
DA:22,0
DA:23,0
DA:25,0
DA:29,1
DA:31,1
DA:36,1
DA:39,1
DA:42,0
DA:43,0
DA:52,1
DA:57,0
DA:60,3
DA:61,1
DA:65,1
DA:66,2
DA:67,2
DA:68,2
DA:69,2
DA:72,1
DA:73,1
DA:75,1
DA:76,1
DA:81,0
DA:82,0
DA:83,0
DA:84,0
DA:86,0
DA:87,0
DA:88,0
DA:90,0
DA:91,0
DA:92,0
DA:94,0
DA:95,0
DA:96,0
DA:98,0
DA:99,0
DA:100,0
DA:101,0
DA:103,0
DA:104,0
DA:105,0
DA:106,0
DA:108,0
DA:109,0
DA:110,0
DA:112,1
DA:114,0
DA:115,0
DA:117,2
DA:119,0
DA:120,0
DA:128,1
DA:131,1
DA:135,1
DA:138,1
DA:139,1
DA:140,1
DA:141,1
DA:142,1
DA:145,1
DA:146,1
DA:147,1
DA:155,1
DA:156,1
DA:157,1
DA:158,1
DA:159,1
DA:160,1
DA:162,1
DA:164,0
DA:165,0
DA:169,0
DA:170,0
DA:176,1
DA:177,1
DA:179,1
DA:184,1
DA:188,1
DA:192,1
DA:193,1
DA:194,1
DA:195,1
DA:196,1
DA:197,1
DA:198,1
DA:199,1
DA:203,1
DA:204,1
DA:205,1
DA:206,1
DA:208,1
DA:211,0
DA:232,0
DA:245,1
DA:246,1
LF:103
LH:59
BRDA:5,0,0,1
BRDA:5,0,1,1
BRDA:9,1,0,1
BRDA:9,1,1,0
BRDA:13,2,0,1
BRDA:13,2,1,1
BRDA:29,3,0,0
BRDA:29,3,1,1
BRDA:31,4,0,1
BRDA:31,4,1,1
BRDA:36,5,0,1
BRDA:36,5,1,1
BRDA:42,6,0,0
BRDA:42,6,1,0
BRDA:56,7,0,1
BRDA:56,7,1,1
BRDA:65,8,0,0
BRDA:65,8,1,1
BRDA:66,9,0,2
BRDA:66,9,1,1
BRDA:66,10,0,1
BRDA:66,10,1,0
BRDA:67,11,0,0
BRDA:67,11,1,2
BRDA:67,12,0,2
BRDA:67,12,1,0
BRDA:67,12,2,0
BRDA:67,13,0,0
BRDA:67,13,1,0
BRDA:67,14,0,0
BRDA:67,14,1,0
BRDA:67,15,0,0
BRDA:67,15,1,0
BRDA:67,16,0,0
BRDA:67,16,1,0
BRDA:68,17,0,0
BRDA:68,17,1,2
BRDA:69,18,0,1
BRDA:69,18,1,1
BRDA:69,18,2,1
BRDA:69,18,3,0
BRDA:69,18,4,0
BRDA:69,18,5,0
BRDA:90,19,0,0
BRDA:90,19,1,0
BRDA:90,20,0,0
BRDA:90,20,1,0
BRDA:90,20,2,0
BRDA:90,21,0,0
BRDA:90,21,1,0
BRDA:94,22,0,0
BRDA:94,22,1,0
BRDA:94,23,0,0
BRDA:94,23,1,0
BRDA:94,23,2,0
BRDA:94,23,3,0
BRDA:98,24,0,0
BRDA:98,24,1,0
BRDA:98,25,0,0
BRDA:98,25,1,0
BRDA:103,26,0,0
BRDA:103,26,1,0
BRDA:103,27,0,0
BRDA:103,27,1,0
BRDA:108,28,0,0
BRDA:108,28,1,0
BRDA:119,29,0,0
BRDA:119,29,1,0
BRDA:121,30,0,0
BRDA:121,30,1,0
BRDA:128,31,0,1
BRDA:128,31,1,1
BRDA:131,32,0,0
BRDA:131,32,1,1
BRDA:131,33,0,1
BRDA:131,33,1,1
BRDA:160,34,0,1
BRDA:160,34,1,0
BRDA:217,35,0,0
BRDA:217,35,1,0
BRDA:217,36,0,0
BRDA:217,36,1,0
BRDA:224,37,0,0
BRDA:224,37,1,0
BRF:84
BRH:28
end_of_record
TN:
SF:src/components/RecordButton.vue
FN:7,(anonymous_0)
FN:23,(anonymous_1)
FN:44,render
FN:50,(anonymous_3)
FN:56,(anonymous_4)
FNF:5
FNH:1
FNDA:2,(anonymous_0)
FNDA:0,(anonymous_1)
FNDA:0,render
FNDA:0,(anonymous_3)
FNDA:0,(anonymous_4)
DA:5,2
DA:8,2
DA:12,2
DA:15,2
DA:16,2
DA:17,2
DA:18,2
DA:24,0
DA:25,0
DA:26,0
DA:27,0
DA:28,0
DA:33,0
DA:37,0
DA:41,2
DA:42,2
DA:43,2
DA:45,0
DA:50,0
DA:56,0
DA:61,2
DA:62,2
LF:22
LH:12
BRDA:5,0,0,2
BRDA:5,0,1,2
BRDA:8,1,0,2
BRDA:8,1,1,0
BRDA:8,2,0,2
BRDA:8,2,1,2
BRDA:50,3,0,0
BRDA:50,3,1,0
BRDA:56,4,0,0
BRDA:56,4,1,0
BRF:10
BRH:5
end_of_record
TN:
SF:src/components/SiteFooter.vue
FN:11,_interopRequireDefault
FN:37,render
FN:42,(anonymous_2)
FN:49,(anonymous_3)
FN:56,(anonymous_4)
FNF:5
FNH:5
FNDA:3,_interopRequireDefault
FNDA:1,render
FNDA:1,(anonymous_2)
FNDA:1,(anonymous_3)
FNDA:1,(anonymous_4)
DA:3,1
DA:6,1
DA:7,1
DA:8,1
DA:9,1
DA:10,1
DA:11,3
DA:12,1
DA:15,1
DA:22,1
DA:29,1
DA:38,1
DA:39,1
DA:43,1
DA:50,1
DA:57,1
DA:61,1
LF:17
LH:17
BRDA:11,0,0,0
BRDA:11,0,1,3
BRDA:11,1,0,3
BRDA:11,1,1,0
BRF:4
BRH:2
end_of_record
TN:
SF:src/hooks/deleteFav.ts
FN:7,(anonymous_0)
FN:15,(anonymous_1)
FN:18,(anonymous_2)
FNF:3
FNH:0
FNDA:0,(anonymous_0)
FNDA:0,(anonymous_1)
FNDA:0,(anonymous_2)
DA:4,3
DA:7,3
DA:8,0
DA:9,0
DA:10,0
DA:11,0
DA:12,0
DA:15,0
DA:17,0
DA:18,0
DA:20,0
DA:21,0
DA:26,0
DA:27,0
DA:28,0
DA:32,0
LF:16
LH:2
BRDA:20,0,0,0
BRDA:20,0,1,0
BRF:2
BRH:0
end_of_record
TN:
SF:src/hooks/useLogin.ts
FN:3,(anonymous_0)
FN:5,(anonymous_1)
FNF:2
FNH:2
FNDA:9,(anonymous_0)
FNDA:9,(anonymous_1)
DA:3,4
DA:4,9
DA:5,9
DA:6,9
DA:7,9
DA:8,9
DA:10,0
DA:13,9
LF:8
LH:7
BRDA:6,0,0,9
BRDA:6,0,1,9
BRDA:7,1,0,9
BRDA:7,1,1,0
BRF:4
BRH:3
end_of_record
TN:
SF:src/stores/ProductStore.ts
FN:4,(anonymous_0)
FN:11,(anonymous_1)
FNF:2
FNH:2
FNDA:3,(anonymous_0)
FNDA:1,(anonymous_1)
DA:3,3
DA:4,3
DA:12,1
DA:13,1
DA:14,1
LF:5
LH:5
BRF:0
BRH:0
end_of_record
TN:
SF:src/views/Home.vue
FN:7,(anonymous_0)
FN:23,(anonymous_1)
FN:57,render
FN:66,(anonymous_3)
FN:71,(anonymous_4)
FNF:5
FNH:4
FNDA:3,(anonymous_0)
FNDA:2,(anonymous_1)
FNDA:4,render
FNDA:1,(anonymous_3)
FNDA:0,(anonymous_4)
DA:5,1
DA:8,3
DA:12,1
DA:15,1
DA:16,1
DA:17,1
DA:18,1
DA:19,1
DA:20,1
DA:21,1
DA:24,2
DA:25,2
DA:26,2
DA:27,2
DA:28,2
DA:29,2
DA:30,2
DA:39,2
DA:43,2
DA:47,1
DA:48,1
DA:49,1
DA:50,1
DA:51,1
DA:55,1
DA:56,1
DA:58,4
DA:66,1
DA:71,0
DA:96,1
DA:97,1
LF:31
LH:30
BRDA:5,0,0,1
BRDA:5,0,1,1
BRDA:8,1,0,3
BRDA:8,1,1,0
BRDA:8,2,0,3
BRDA:8,2,1,3
BRDA:60,3,0,2
BRDA:60,3,1,2
BRDA:66,4,0,2
BRDA:66,4,1,1
BRDA:67,5,0,1
BRDA:67,5,1,1
BRDA:71,6,0,2
BRDA:71,6,1,1
BRDA:72,7,0,1
BRDA:72,7,1,1
BRDA:75,8,0,2
BRDA:75,8,1,0
BRDA:81,9,0,0
BRDA:81,9,1,2
BRF:20
BRH:17
end_of_record
